<?xml version="1.0" encoding="UTF-8"?>
<testsuite xmlns:xsi="http://www.w3.org/2001/XMLSchema-instance" xsi:noNamespaceSchemaLocation="https://maven.apache.org/surefire/maven-surefire-plugin/xsd/surefire-test-report.xsd" name="com.dmooers.karate_chop.KarateChopTest" time="0.5" tests="2027" errors="0" skipped="0" failures="0">
  <properties>
[...]
</properties>
  <testcase name="shouldFindElement{SearchStrategyTestArgs}[1]" classname="com.dmooers.karate_chop.KarateChopTest" time="0.016"/>
  <testcase name="shouldFindElement{SearchStrategyTestArgs}[2]" classname="com.dmooers.karate_chop.KarateChopTest" time="0"/>
  <testcase name="shouldFindElement{SearchStrategyTestArgs}[3]" classname="com.dmooers.karate_chop.KarateChopTest" time="0"/>
  <testcase name="shouldFindElement{SearchStrategyTestArgs}[4]" classname="com.dmooers.karate_chop.KarateChopTest" time="0"/>
  <testcase name="shouldFindElement{SearchStrategyTestArgs}[5]" classname="com.dmooers.karate_chop.KarateChopTest" time="0"/>
  <testcase name="shouldFindElement{SearchStrategyTestArgs}[6]" classname="com.dmooers.karate_chop.KarateChopTest" time="0"/>
  <testcase name="shouldFindElement{SearchStrategyTestArgs}[7]" classname="com.dmooers.karate_chop.KarateChopTest" time="0"/>
  <testcase name="shouldFindElement{SearchStrategyTestArgs}[8]" classname="com.dmooers.karate_chop.KarateChopTest" time="0"/>
  <testcase name="shouldFindElement{SearchStrategyTestArgs}[9]" classname="com.dmooers.karate_chop.KarateChopTest" time="0"/>
  <testcase name="shouldFindElement{SearchStrategyTestArgs}[10]" classname="com.dmooers.karate_chop.KarateChopTest" time="0.001"/>
  <testcase name="shouldFindElement{SearchStrategyTestArgs}[11]" classname="com.dmooers.karate_chop.KarateChopTest" time="0.001"/>
  <testcase name="shouldFindElement{SearchStrategyTestArgs}[12]" classname="com.dmooers.karate_chop.KarateChopTest" time="0.003"/>
  <testcase name="shouldFindElement{SearchStrategyTestArgs}[13]" classname="com.dmooers.karate_chop.KarateChopTest" time="0"/>
  <testcase name="shouldFindElement{SearchStrategyTestArgs}[14]" classname="com.dmooers.karate_chop.KarateChopTest" time="0"/>
  <testcase name="shouldFindElement{SearchStrategyTestArgs}[15]" classname="com.dmooers.karate_chop.KarateChopTest" time="0"/>
  <testcase name="shouldFindElement{SearchStrategyTestArgs}[16]" classname="com.dmooers.karate_chop.KarateChopTest" time="0"/>
  <testcase name="shouldFindElement{SearchStrategyTestArgs}[17]" classname="com.dmooers.karate_chop.KarateChopTest" time="0.001"/>
  <testcase name="shouldFindElement{SearchStrategyTestArgs}[18]" classname="com.dmooers.karate_chop.KarateChopTest" time="0.001"/>
  <testcase name="shouldFindElement{SearchStrategyTestArgs}[19]" classname="com.dmooers.karate_chop.KarateChopTest" time="0"/>
  <testcase name="shouldFindElement{SearchStrategyTestArgs}[20]" classname="com.dmooers.karate_chop.KarateChopTest" time="0"/>
  <testcase name="shouldFindElement{SearchStrategyTestArgs}[21]" classname="com.dmooers.karate_chop.KarateChopTest" time="0"/>
  <testcase name="shouldFindElement{SearchStrategyTestArgs}[22]" classname="com.dmooers.karate_chop.KarateChopTest" time="0.001"/>
  <testcase name="shouldFindElement{SearchStrategyTestArgs}[23]" classname="com.dmooers.karate_chop.KarateChopTest" time="0.001"/>
  <testcase name="shouldFindElement{SearchStrategyTestArgs}[24]" classname="com.dmooers.karate_chop.KarateChopTest" time="0"/>
  <testcase name="shouldFindElement{SearchStrategyTestArgs}[25]" classname="com.dmooers.karate_chop.KarateChopTest" time="0"/>
  <testcase name="shouldFindElement{SearchStrategyTestArgs}[26]" classname="com.dmooers.karate_chop.KarateChopTest" time="0"/>
  <testcase name="shouldFindElement{SearchStrategyTestArgs}[27]" classname="com.dmooers.karate_chop.KarateChopTest" time="0.001"/>
  <testcase name="shouldFindElement{SearchStrategyTestArgs}[28]" classname="com.dmooers.karate_chop.KarateChopTest" time="0"/>
  <testcase name="shouldFindElement{SearchStrategyTestArgs}[29]" classname="com.dmooers.karate_chop.KarateChopTest" time="0"/>
  <testcase name="shouldFindElement{SearchStrategyTestArgs}[30]" classname="com.dmooers.karate_chop.KarateChopTest" time="0.001"/>
  <testcase name="shouldFindElement{SearchStrategyTestArgs}[31]" classname="com.dmooers.karate_chop.KarateChopTest" time="0"/>
  <testcase name="shouldFindElement{SearchStrategyTestArgs}[32]" classname="com.dmooers.karate_chop.KarateChopTest" time="0"/>
  <testcase name="shouldFindElement{SearchStrategyTestArgs}[33]" classname="com.dmooers.karate_chop.KarateChopTest" time="0"/>
  <testcase name="shouldFindElement{SearchStrategyTestArgs}[34]" classname="com.dmooers.karate_chop.KarateChopTest" time="0"/>
  <testcase name="shouldFindElement{SearchStrategyTestArgs}[35]" classname="com.dmooers.karate_chop.KarateChopTest" time="0"/>
  <testcase name="shouldFindElement{SearchStrategyTestArgs}[36]" classname="com.dmooers.karate_chop.KarateChopTest" time="0"/>
  <testcase name="shouldFindElement{SearchStrategyTestArgs}[37]" classname="com.dmooers.karate_chop.KarateChopTest" time="0"/>
  <testcase name="shouldFindElement{SearchStrategyTestArgs}[38]" classname="com.dmooers.karate_chop.KarateChopTest" time="0"/>
  <testcase name="shouldFindElement{SearchStrategyTestArgs}[39]" classname="com.dmooers.karate_chop.KarateChopTest" time="0.001"/>
  <testcase name="shouldFindElement{SearchStrategyTestArgs}[40]" classname="com.dmooers.karate_chop.KarateChopTest" time="0"/>
  <testcase name="shouldFindElement{SearchStrategyTestArgs}[41]" classname="com.dmooers.karate_chop.KarateChopTest" time="0"/>
  <testcase name="shouldFindElement{SearchStrategyTestArgs}[42]" classname="com.dmooers.karate_chop.KarateChopTest" time="0.001"/>
  <testcase name="shouldFindElement{SearchStrategyTestArgs}[43]" classname="com.dmooers.karate_chop.KarateChopTest" time="0"/>
  <testcase name="shouldFindElement{SearchStrategyTestArgs}[44]" classname="com.dmooers.karate_chop.KarateChopTest" time="0.001"/>
  <testcase name="shouldFindElement{SearchStrategyTestArgs}[45]" classname="com.dmooers.karate_chop.KarateChopTest" time="0"/>
  <testcase name="shouldFindElement{SearchStrategyTestArgs}[46]" classname="com.dmooers.karate_chop.KarateChopTest" time="0.001"/>
  <testcase name="shouldFindElement{SearchStrategyTestArgs}[47]" classname="com.dmooers.karate_chop.KarateChopTest" time="0"/>
  <testcase name="shouldFindElement{SearchStrategyTestArgs}[48]" classname="com.dmooers.karate_chop.KarateChopTest" time="0"/>
  <testcase name="shouldFindElement{SearchStrategyTestArgs}[49]" classname="com.dmooers.karate_chop.KarateChopTest" time="0"/>
  <testcase name="shouldFindElement{SearchStrategyTestArgs}[50]" classname="com.dmooers.karate_chop.KarateChopTest" time="0"/>
  <testcase name="shouldFindElement{SearchStrategyTestArgs}[51]" classname="com.dmooers.karate_chop.KarateChopTest" time="0.001"/>
  <testcase name="shouldFindElement{SearchStrategyTestArgs}[52]" classname="com.dmooers.karate_chop.KarateChopTest" time="0"/>
  <testcase name="shouldFindElement{SearchStrategyTestArgs}[53]" classname="com.dmooers.karate_chop.KarateChopTest" time="0.001"/>
  <testcase name="shouldFindElement{SearchStrategyTestArgs}[54]" classname="com.dmooers.karate_chop.KarateChopTest" time="0"/>
  <testcase name="shouldFindElement{SearchStrategyTestArgs}[55]" classname="com.dmooers.karate_chop.KarateChopTest" time="0.001"/>
  <testcase name="shouldFindElement{SearchStrategyTestArgs}[56]" classname="com.dmooers.karate_chop.KarateChopTest" time="0"/>
  <testcase name="shouldFindElement{SearchStrategyTestArgs}[57]" classname="com.dmooers.karate_chop.KarateChopTest" time="0"/>
  <testcase name="shouldFindElement{SearchStrategyTestArgs}[58]" classname="com.dmooers.karate_chop.KarateChopTest" time="0"/>
  <testcase name="shouldFindElement{SearchStrategyTestArgs}[59]" classname="com.dmooers.karate_chop.KarateChopTest" time="0"/>
  <testcase name="shouldFindElement{SearchStrategyTestArgs}[60]" classname="com.dmooers.karate_chop.KarateChopTest" time="0"/>
  <testcase name="shouldFindElement{SearchStrategyTestArgs}[61]" classname="com.dmooers.karate_chop.KarateChopTest" time="0"/>
  <testcase name="shouldFindElement{SearchStrategyTestArgs}[62]" classname="com.dmooers.karate_chop.KarateChopTest" time="0"/>
  <testcase name="shouldFindElement{SearchStrategyTestArgs}[63]" classname="com.dmooers.karate_chop.KarateChopTest" time="0"/>
  <testcase name="shouldFindElement{SearchStrategyTestArgs}[64]" classname="com.dmooers.karate_chop.KarateChopTest" time="0"/>
  <testcase name="shouldFindElement{SearchStrategyTestArgs}[65]" classname="com.dmooers.karate_chop.KarateChopTest" time="0"/>
  <testcase name="shouldFindElement{SearchStrategyTestArgs}[66]" classname="com.dmooers.karate_chop.KarateChopTest" time="0"/>
  <testcase name="shouldFindElement{SearchStrategyTestArgs}[67]" classname="com.dmooers.karate_chop.KarateChopTest" time="0"/>
  <testcase name="shouldFindElement{SearchStrategyTestArgs}[68]" classname="com.dmooers.karate_chop.KarateChopTest" time="0"/>
  <testcase name="shouldFindElement{SearchStrategyTestArgs}[69]" classname="com.dmooers.karate_chop.KarateChopTest" time="0"/>
  <testcase name="shouldFindElement{SearchStrategyTestArgs}[70]" classname="com.dmooers.karate_chop.KarateChopTest" time="0"/>
  <testcase name="shouldFindElement{SearchStrategyTestArgs}[71]" classname="com.dmooers.karate_chop.KarateChopTest" time="0"/>
  <testcase name="shouldFindElement{SearchStrategyTestArgs}[72]" classname="com.dmooers.karate_chop.KarateChopTest" time="0"/>
  <testcase name="shouldFindElement{SearchStrategyTestArgs}[73]" classname="com.dmooers.karate_chop.KarateChopTest" time="0"/>
  <testcase name="shouldFindElement{SearchStrategyTestArgs}[74]" classname="com.dmooers.karate_chop.KarateChopTest" time="0.001"/>
  <testcase name="shouldFindElement{SearchStrategyTestArgs}[75]" classname="com.dmooers.karate_chop.KarateChopTest" time="0"/>
  <testcase name="shouldFindElement{SearchStrategyTestArgs}[76]" classname="com.dmooers.karate_chop.KarateChopTest" time="0"/>
  <testcase name="shouldFindElement{SearchStrategyTestArgs}[77]" classname="com.dmooers.karate_chop.KarateChopTest" time="0"/>
  <testcase name="shouldFindElement{SearchStrategyTestArgs}[78]" classname="com.dmooers.karate_chop.KarateChopTest" time="0"/>
  <testcase name="shouldFindElement{SearchStrategyTestArgs}[79]" classname="com.dmooers.karate_chop.KarateChopTest" time="0"/>
  <testcase name="shouldFindElement{SearchStrategyTestArgs}[80]" classname="com.dmooers.karate_chop.KarateChopTest" time="0.001"/>
  <testcase name="shouldFindElement{SearchStrategyTestArgs}[81]" classname="com.dmooers.karate_chop.KarateChopTest" time="0"/>
  <testcase name="shouldFindElement{SearchStrategyTestArgs}[82]" classname="com.dmooers.karate_chop.KarateChopTest" time="0.001"/>
  <testcase name="shouldFindElement{SearchStrategyTestArgs}[83]" classname="com.dmooers.karate_chop.KarateChopTest" time="0"/>
  <testcase name="shouldFindElement{SearchStrategyTestArgs}[84]" classname="com.dmooers.karate_chop.KarateChopTest" time="0.001"/>
  <testcase name="shouldFindElement{SearchStrategyTestArgs}[85]" classname="com.dmooers.karate_chop.KarateChopTest" time="0"/>
  <testcase name="shouldFindElement{SearchStrategyTestArgs}[86]" classname="com.dmooers.karate_chop.KarateChopTest" time="0.001"/>
  <testcase name="shouldFindElement{SearchStrategyTestArgs}[87]" classname="com.dmooers.karate_chop.KarateChopTest" time="0"/>
  <testcase name="shouldFindElement{SearchStrategyTestArgs}[88]" classname="com.dmooers.karate_chop.KarateChopTest" time="0.001"/>
  <testcase name="shouldFindElement{SearchStrategyTestArgs}[89]" classname="com.dmooers.karate_chop.KarateChopTest" time="0"/>
  <testcase name="shouldFindElement{SearchStrategyTestArgs}[90]" classname="com.dmooers.karate_chop.KarateChopTest" time="0"/>
  <testcase name="shouldFindElement{SearchStrategyTestArgs}[91]" classname="com.dmooers.karate_chop.KarateChopTest" time="0.001"/>
  <testcase name="shouldFindElement{SearchStrategyTestArgs}[92]" classname="com.dmooers.karate_chop.KarateChopTest" time="0"/>
  <testcase name="shouldFindElement{SearchStrategyTestArgs}[93]" classname="com.dmooers.karate_chop.KarateChopTest" time="0"/>
  <testcase name="shouldFindElement{SearchStrategyTestArgs}[94]" classname="com.dmooers.karate_chop.KarateChopTest" time="0"/>
  <testcase name="shouldFindElement{SearchStrategyTestArgs}[95]" classname="com.dmooers.karate_chop.KarateChopTest" time="0"/>
  <testcase name="shouldFindElement{SearchStrategyTestArgs}[96]" classname="com.dmooers.karate_chop.KarateChopTest" time="0"/>
  <testcase name="shouldFindElement{SearchStrategyTestArgs}[97]" classname="com.dmooers.karate_chop.KarateChopTest" time="0"/>
  <testcase name="shouldFindElement{SearchStrategyTestArgs}[98]" classname="com.dmooers.karate_chop.KarateChopTest" time="0"/>
  <testcase name="shouldFindElement{SearchStrategyTestArgs}[99]" classname="com.dmooers.karate_chop.KarateChopTest" time="0"/>
  <testcase name="shouldFindElement{SearchStrategyTestArgs}[100]" classname="com.dmooers.karate_chop.KarateChopTest" time="0.001"/>
  <testcase name="shouldFindElement{SearchStrategyTestArgs}[101]" classname="com.dmooers.karate_chop.KarateChopTest" time="0"/>
  <testcase name="shouldFindElement{SearchStrategyTestArgs}[102]" classname="com.dmooers.karate_chop.KarateChopTest" time="0.001"/>
  <testcase name="shouldFindElement{SearchStrategyTestArgs}[103]" classname="com.dmooers.karate_chop.KarateChopTest" time="0"/>
  <testcase name="shouldFindElement{SearchStrategyTestArgs}[104]" classname="com.dmooers.karate_chop.KarateChopTest" time="0.001"/>
  <testcase name="shouldFindElement{SearchStrategyTestArgs}[105]" classname="com.dmooers.karate_chop.KarateChopTest" time="0"/>
  <testcase name="shouldFindElement{SearchStrategyTestArgs}[106]" classname="com.dmooers.karate_chop.KarateChopTest" time="0"/>
  <testcase name="shouldFindElement{SearchStrategyTestArgs}[107]" classname="com.dmooers.karate_chop.KarateChopTest" time="0"/>
  <testcase name="shouldFindElement{SearchStrategyTestArgs}[108]" classname="com.dmooers.karate_chop.KarateChopTest" time="0"/>
  <testcase name="shouldFindElement{SearchStrategyTestArgs}[109]" classname="com.dmooers.karate_chop.KarateChopTest" time="0.001"/>
  <testcase name="shouldFindElement{SearchStrategyTestArgs}[110]" classname="com.dmooers.karate_chop.KarateChopTest" time="0"/>
  <testcase name="shouldFindElement{SearchStrategyTestArgs}[111]" classname="com.dmooers.karate_chop.KarateChopTest" time="0.001"/>
  <testcase name="shouldFindElement{SearchStrategyTestArgs}[112]" classname="com.dmooers.karate_chop.KarateChopTest" time="0"/>
  <testcase name="shouldFindElement{SearchStrategyTestArgs}[113]" classname="com.dmooers.karate_chop.KarateChopTest" time="0"/>
  <testcase name="shouldFindElement{SearchStrategyTestArgs}[114]" classname="com.dmooers.karate_chop.KarateChopTest" time="0"/>
  <testcase name="shouldFindElement{SearchStrategyTestArgs}[115]" classname="com.dmooers.karate_chop.KarateChopTest" time="0"/>
  <testcase name="shouldFindElement{SearchStrategyTestArgs}[116]" classname="com.dmooers.karate_chop.KarateChopTest" time="0.001"/>
  <testcase name="shouldFindElement{SearchStrategyTestArgs}[117]" classname="com.dmooers.karate_chop.KarateChopTest" time="0"/>
  <testcase name="shouldFindElement{SearchStrategyTestArgs}[118]" classname="com.dmooers.karate_chop.KarateChopTest" time="0"/>
  <testcase name="shouldFindElement{SearchStrategyTestArgs}[119]" classname="com.dmooers.karate_chop.KarateChopTest" time="0"/>
  <testcase name="shouldFindElement{SearchStrategyTestArgs}[120]" classname="com.dmooers.karate_chop.KarateChopTest" time="0"/>
  <testcase name="shouldFindElement{SearchStrategyTestArgs}[121]" classname="com.dmooers.karate_chop.KarateChopTest" time="0.001"/>
  <testcase name="shouldFindElement{SearchStrategyTestArgs}[122]" classname="com.dmooers.karate_chop.KarateChopTest" time="0"/>
  <testcase name="shouldFindElement{SearchStrategyTestArgs}[123]" classname="com.dmooers.karate_chop.KarateChopTest" time="0.001"/>
  <testcase name="shouldFindElement{SearchStrategyTestArgs}[124]" classname="com.dmooers.karate_chop.KarateChopTest" time="0"/>
  <testcase name="shouldFindElement{SearchStrategyTestArgs}[125]" classname="com.dmooers.karate_chop.KarateChopTest" time="0"/>
  <testcase name="shouldFindElement{SearchStrategyTestArgs}[126]" classname="com.dmooers.karate_chop.KarateChopTest" time="0"/>
  <testcase name="shouldFindElement{SearchStrategyTestArgs}[127]" classname="com.dmooers.karate_chop.KarateChopTest" time="0"/>
  <testcase name="shouldFindElement{SearchStrategyTestArgs}[128]" classname="com.dmooers.karate_chop.KarateChopTest" time="0"/>
  <testcase name="shouldFindElement{SearchStrategyTestArgs}[129]" classname="com.dmooers.karate_chop.KarateChopTest" time="0.001"/>
  <testcase name="shouldFindElement{SearchStrategyTestArgs}[130]" classname="com.dmooers.karate_chop.KarateChopTest" time="0"/>
  <testcase name="shouldFindElement{SearchStrategyTestArgs}[131]" classname="com.dmooers.karate_chop.KarateChopTest" time="0"/>
  <testcase name="shouldFindElement{SearchStrategyTestArgs}[132]" classname="com.dmooers.karate_chop.KarateChopTest" time="0"/>
  <testcase name="shouldFindElement{SearchStrategyTestArgs}[133]" classname="com.dmooers.karate_chop.KarateChopTest" time="0"/>
  <testcase name="shouldFindElement{SearchStrategyTestArgs}[134]" classname="com.dmooers.karate_chop.KarateChopTest" time="0.001"/>
  <testcase name="shouldFindElement{SearchStrategyTestArgs}[135]" classname="com.dmooers.karate_chop.KarateChopTest" time="0"/>
  <testcase name="shouldFindElement{SearchStrategyTestArgs}[136]" classname="com.dmooers.karate_chop.KarateChopTest" time="0"/>
  <testcase name="shouldFindElement{SearchStrategyTestArgs}[137]" classname="com.dmooers.karate_chop.KarateChopTest" time="0.001"/>
  <testcase name="shouldFindElement{SearchStrategyTestArgs}[138]" classname="com.dmooers.karate_chop.KarateChopTest" time="0"/>
  <testcase name="shouldFindElement{SearchStrategyTestArgs}[139]" classname="com.dmooers.karate_chop.KarateChopTest" time="0"/>
  <testcase name="shouldFindElement{SearchStrategyTestArgs}[140]" classname="com.dmooers.karate_chop.KarateChopTest" time="0"/>
  <testcase name="shouldFindElement{SearchStrategyTestArgs}[141]" classname="com.dmooers.karate_chop.KarateChopTest" time="0"/>
  <testcase name="shouldFindElement{SearchStrategyTestArgs}[142]" classname="com.dmooers.karate_chop.KarateChopTest" time="0.001"/>
  <testcase name="shouldFindElement{SearchStrategyTestArgs}[143]" classname="com.dmooers.karate_chop.KarateChopTest" time="0"/>
  <testcase name="shouldFindElement{SearchStrategyTestArgs}[144]" classname="com.dmooers.karate_chop.KarateChopTest" time="0"/>
  <testcase name="shouldFindElement{SearchStrategyTestArgs}[145]" classname="com.dmooers.karate_chop.KarateChopTest" time="0.001"/>
  <testcase name="shouldFindElement{SearchStrategyTestArgs}[146]" classname="com.dmooers.karate_chop.KarateChopTest" time="0"/>
  <testcase name="shouldFindElement{SearchStrategyTestArgs}[147]" classname="com.dmooers.karate_chop.KarateChopTest" time="0"/>
  <testcase name="shouldFindElement{SearchStrategyTestArgs}[148]" classname="com.dmooers.karate_chop.KarateChopTest" time="0"/>
  <testcase name="shouldFindElement{SearchStrategyTestArgs}[149]" classname="com.dmooers.karate_chop.KarateChopTest" time="0"/>
  <testcase name="shouldFindElement{SearchStrategyTestArgs}[150]" classname="com.dmooers.karate_chop.KarateChopTest" time="0.001"/>
  <testcase name="shouldFindElement{SearchStrategyTestArgs}[151]" classname="com.dmooers.karate_chop.KarateChopTest" time="0"/>
  <testcase name="shouldFindElement{SearchStrategyTestArgs}[152]" classname="com.dmooers.karate_chop.KarateChopTest" time="0"/>
  <testcase name="shouldFindElement{SearchStrategyTestArgs}[153]" classname="com.dmooers.karate_chop.KarateChopTest" time="0"/>
  <testcase name="shouldFindElement{SearchStrategyTestArgs}[154]" classname="com.dmooers.karate_chop.KarateChopTest" time="0"/>
  <testcase name="shouldFindElement{SearchStrategyTestArgs}[155]" classname="com.dmooers.karate_chop.KarateChopTest" time="0"/>
  <testcase name="shouldFindElement{SearchStrategyTestArgs}[156]" classname="com.dmooers.karate_chop.KarateChopTest" time="0"/>
  <testcase name="shouldFindElement{SearchStrategyTestArgs}[157]" classname="com.dmooers.karate_chop.KarateChopTest" time="0"/>
  <testcase name="shouldFindElement{SearchStrategyTestArgs}[158]" classname="com.dmooers.karate_chop.KarateChopTest" time="0.001"/>
  <testcase name="shouldFindElement{SearchStrategyTestArgs}[159]" classname="com.dmooers.karate_chop.KarateChopTest" time="0"/>
  <testcase name="shouldFindElement{SearchStrategyTestArgs}[160]" classname="com.dmooers.karate_chop.KarateChopTest" time="0"/>
  <testcase name="shouldFindElement{SearchStrategyTestArgs}[161]" classname="com.dmooers.karate_chop.KarateChopTest" time="0"/>
  <testcase name="shouldFindElement{SearchStrategyTestArgs}[162]" classname="com.dmooers.karate_chop.KarateChopTest" time="0"/>
  <testcase name="shouldFindElement{SearchStrategyTestArgs}[163]" classname="com.dmooers.karate_chop.KarateChopTest" time="0.001"/>
  <testcase name="shouldFindElement{SearchStrategyTestArgs}[164]" classname="com.dmooers.karate_chop.KarateChopTest" time="0"/>
  <testcase name="shouldFindElement{SearchStrategyTestArgs}[165]" classname="com.dmooers.karate_chop.KarateChopTest" time="0"/>
  <testcase name="shouldFindElement{SearchStrategyTestArgs}[166]" classname="com.dmooers.karate_chop.KarateChopTest" time="0"/>
  <testcase name="shouldFindElement{SearchStrategyTestArgs}[167]" classname="com.dmooers.karate_chop.KarateChopTest" time="0"/>
  <testcase name="shouldFindElement{SearchStrategyTestArgs}[168]" classname="com.dmooers.karate_chop.KarateChopTest" time="0.001"/>
  <testcase name="shouldFindElement{SearchStrategyTestArgs}[169]" classname="com.dmooers.karate_chop.KarateChopTest" time="0"/>
  <testcase name="shouldFindElement{SearchStrategyTestArgs}[170]" classname="com.dmooers.karate_chop.KarateChopTest" time="0"/>
  <testcase name="shouldFindElement{SearchStrategyTestArgs}[171]" classname="com.dmooers.karate_chop.KarateChopTest" time="0"/>
  <testcase name="shouldFindElement{SearchStrategyTestArgs}[172]" classname="com.dmooers.karate_chop.KarateChopTest" time="0"/>
  <testcase name="shouldFindElement{SearchStrategyTestArgs}[173]" classname="com.dmooers.karate_chop.KarateChopTest" time="0.001"/>
  <testcase name="shouldFindElement{SearchStrategyTestArgs}[174]" classname="com.dmooers.karate_chop.KarateChopTest" time="0"/>
  <testcase name="shouldFindElement{SearchStrategyTestArgs}[175]" classname="com.dmooers.karate_chop.KarateChopTest" time="0"/>
  <testcase name="shouldFindElement{SearchStrategyTestArgs}[176]" classname="com.dmooers.karate_chop.KarateChopTest" time="0.001"/>
  <testcase name="shouldFindElement{SearchStrategyTestArgs}[177]" classname="com.dmooers.karate_chop.KarateChopTest" time="0"/>
  <testcase name="shouldFindElement{SearchStrategyTestArgs}[178]" classname="com.dmooers.karate_chop.KarateChopTest" time="0"/>
  <testcase name="shouldFindElement{SearchStrategyTestArgs}[179]" classname="com.dmooers.karate_chop.KarateChopTest" time="0"/>
  <testcase name="shouldFindElement{SearchStrategyTestArgs}[180]" classname="com.dmooers.karate_chop.KarateChopTest" time="0"/>
  <testcase name="shouldFindElement{SearchStrategyTestArgs}[181]" classname="com.dmooers.karate_chop.KarateChopTest" time="0"/>
  <testcase name="shouldFindElement{SearchStrategyTestArgs}[182]" classname="com.dmooers.karate_chop.KarateChopTest" time="0"/>
  <testcase name="shouldFindElement{SearchStrategyTestArgs}[183]" classname="com.dmooers.karate_chop.KarateChopTest" time="0"/>
  <testcase name="shouldFindElement{SearchStrategyTestArgs}[184]" classname="com.dmooers.karate_chop.KarateChopTest" time="0"/>
  <testcase name="shouldFindElement{SearchStrategyTestArgs}[185]" classname="com.dmooers.karate_chop.KarateChopTest" time="0"/>
  <testcase name="shouldFindElement{SearchStrategyTestArgs}[186]" classname="com.dmooers.karate_chop.KarateChopTest" time="0"/>
  <testcase name="shouldFindElement{SearchStrategyTestArgs}[187]" classname="com.dmooers.karate_chop.KarateChopTest" time="0"/>
  <testcase name="shouldFindElement{SearchStrategyTestArgs}[188]" classname="com.dmooers.karate_chop.KarateChopTest" time="0"/>
  <testcase name="shouldFindElement{SearchStrategyTestArgs}[189]" classname="com.dmooers.karate_chop.KarateChopTest" time="0.001"/>
  <testcase name="shouldFindElement{SearchStrategyTestArgs}[190]" classname="com.dmooers.karate_chop.KarateChopTest" time="0"/>
  <testcase name="shouldFindElement{SearchStrategyTestArgs}[191]" classname="com.dmooers.karate_chop.KarateChopTest" time="0"/>
  <testcase name="shouldFindElement{SearchStrategyTestArgs}[192]" classname="com.dmooers.karate_chop.KarateChopTest" time="0"/>
  <testcase name="shouldFindElement{SearchStrategyTestArgs}[193]" classname="com.dmooers.karate_chop.KarateChopTest" time="0"/>
  <testcase name="shouldFindElement{SearchStrategyTestArgs}[194]" classname="com.dmooers.karate_chop.KarateChopTest" time="0.001"/>
  <testcase name="shouldFindElement{SearchStrategyTestArgs}[195]" classname="com.dmooers.karate_chop.KarateChopTest" time="0"/>
  <testcase name="shouldFindElement{SearchStrategyTestArgs}[196]" classname="com.dmooers.karate_chop.KarateChopTest" time="0"/>
  <testcase name="shouldFindElement{SearchStrategyTestArgs}[197]" classname="com.dmooers.karate_chop.KarateChopTest" time="0.001"/>
  <testcase name="shouldFindElement{SearchStrategyTestArgs}[198]" classname="com.dmooers.karate_chop.KarateChopTest" time="0"/>
  <testcase name="shouldFindElement{SearchStrategyTestArgs}[199]" classname="com.dmooers.karate_chop.KarateChopTest" time="0"/>
  <testcase name="shouldFindElement{SearchStrategyTestArgs}[200]" classname="com.dmooers.karate_chop.KarateChopTest" time="0.001"/>
  <testcase name="shouldFindElement{SearchStrategyTestArgs}[201]" classname="com.dmooers.karate_chop.KarateChopTest" time="0"/>
  <testcase name="shouldFindElement{SearchStrategyTestArgs}[202]" classname="com.dmooers.karate_chop.KarateChopTest" time="0"/>
  <testcase name="shouldFindElement{SearchStrategyTestArgs}[203]" classname="com.dmooers.karate_chop.KarateChopTest" time="0"/>
  <testcase name="shouldFindElement{SearchStrategyTestArgs}[204]" classname="com.dmooers.karate_chop.KarateChopTest" time="0"/>
  <testcase name="shouldFindElement{SearchStrategyTestArgs}[205]" classname="com.dmooers.karate_chop.KarateChopTest" time="0"/>
  <testcase name="shouldFindElement{SearchStrategyTestArgs}[206]" classname="com.dmooers.karate_chop.KarateChopTest" time="0"/>
  <testcase name="shouldFindElement{SearchStrategyTestArgs}[207]" classname="com.dmooers.karate_chop.KarateChopTest" time="0"/>
  <testcase name="shouldFindElement{SearchStrategyTestArgs}[208]" classname="com.dmooers.karate_chop.KarateChopTest" time="0"/>
  <testcase name="shouldFindElement{SearchStrategyTestArgs}[209]" classname="com.dmooers.karate_chop.KarateChopTest" time="0"/>
  <testcase name="shouldFindElement{SearchStrategyTestArgs}[210]" classname="com.dmooers.karate_chop.KarateChopTest" time="0"/>
  <testcase name="shouldFindElement{SearchStrategyTestArgs}[211]" classname="com.dmooers.karate_chop.KarateChopTest" time="0"/>
  <testcase name="shouldFindElement{SearchStrategyTestArgs}[212]" classname="com.dmooers.karate_chop.KarateChopTest" time="0"/>
  <testcase name="shouldFindElement{SearchStrategyTestArgs}[213]" classname="com.dmooers.karate_chop.KarateChopTest" time="0"/>
  <testcase name="shouldFindElement{SearchStrategyTestArgs}[214]" classname="com.dmooers.karate_chop.KarateChopTest" time="0.001"/>
  <testcase name="shouldFindElement{SearchStrategyTestArgs}[215]" classname="com.dmooers.karate_chop.KarateChopTest" time="0"/>
  <testcase name="shouldFindElement{SearchStrategyTestArgs}[216]" classname="com.dmooers.karate_chop.KarateChopTest" time="0"/>
  <testcase name="shouldFindElement{SearchStrategyTestArgs}[217]" classname="com.dmooers.karate_chop.KarateChopTest" time="0"/>
  <testcase name="shouldFindElement{SearchStrategyTestArgs}[218]" classname="com.dmooers.karate_chop.KarateChopTest" time="0"/>
  <testcase name="shouldFindElement{SearchStrategyTestArgs}[219]" classname="com.dmooers.karate_chop.KarateChopTest" time="0.001"/>
  <testcase name="shouldFindElement{SearchStrategyTestArgs}[220]" classname="com.dmooers.karate_chop.KarateChopTest" time="0"/>
  <testcase name="shouldFindElement{SearchStrategyTestArgs}[221]" classname="com.dmooers.karate_chop.KarateChopTest" time="0"/>
  <testcase name="shouldFindElement{SearchStrategyTestArgs}[222]" classname="com.dmooers.karate_chop.KarateChopTest" time="0"/>
  <testcase name="shouldFindElement{SearchStrategyTestArgs}[223]" classname="com.dmooers.karate_chop.KarateChopTest" time="0"/>
  <testcase name="shouldFindElement{SearchStrategyTestArgs}[224]" classname="com.dmooers.karate_chop.KarateChopTest" time="0.001"/>
  <testcase name="shouldFindElement{SearchStrategyTestArgs}[225]" classname="com.dmooers.karate_chop.KarateChopTest" time="0"/>
  <testcase name="shouldFindElement{SearchStrategyTestArgs}[226]" classname="com.dmooers.karate_chop.KarateChopTest" time="0"/>
  <testcase name="shouldFindElement{SearchStrategyTestArgs}[227]" classname="com.dmooers.karate_chop.KarateChopTest" time="0"/>
  <testcase name="shouldFindElement{SearchStrategyTestArgs}[228]" classname="com.dmooers.karate_chop.KarateChopTest" time="0"/>
  <testcase name="shouldFindElement{SearchStrategyTestArgs}[229]" classname="com.dmooers.karate_chop.KarateChopTest" time="0"/>
  <testcase name="shouldFindElement{SearchStrategyTestArgs}[230]" classname="com.dmooers.karate_chop.KarateChopTest" time="0"/>
  <testcase name="shouldFindElement{SearchStrategyTestArgs}[231]" classname="com.dmooers.karate_chop.KarateChopTest" time="0.001"/>
  <testcase name="shouldFindElement{SearchStrategyTestArgs}[232]" classname="com.dmooers.karate_chop.KarateChopTest" time="0"/>
  <testcase name="shouldFindElement{SearchStrategyTestArgs}[233]" classname="com.dmooers.karate_chop.KarateChopTest" time="0"/>
  <testcase name="shouldFindElement{SearchStrategyTestArgs}[234]" classname="com.dmooers.karate_chop.KarateChopTest" time="0"/>
  <testcase name="shouldFindElement{SearchStrategyTestArgs}[235]" classname="com.dmooers.karate_chop.KarateChopTest" time="0"/>
  <testcase name="shouldFindElement{SearchStrategyTestArgs}[236]" classname="com.dmooers.karate_chop.KarateChopTest" time="0"/>
  <testcase name="shouldFindElement{SearchStrategyTestArgs}[237]" classname="com.dmooers.karate_chop.KarateChopTest" time="0"/>
  <testcase name="shouldFindElement{SearchStrategyTestArgs}[238]" classname="com.dmooers.karate_chop.KarateChopTest" time="0"/>
  <testcase name="shouldFindElement{SearchStrategyTestArgs}[239]" classname="com.dmooers.karate_chop.KarateChopTest" time="0"/>
  <testcase name="shouldFindElement{SearchStrategyTestArgs}[240]" classname="com.dmooers.karate_chop.KarateChopTest" time="0"/>
  <testcase name="shouldFindElement{SearchStrategyTestArgs}[241]" classname="com.dmooers.karate_chop.KarateChopTest" time="0"/>
  <testcase name="shouldFindElement{SearchStrategyTestArgs}[242]" classname="com.dmooers.karate_chop.KarateChopTest" time="0.001"/>
  <testcase name="shouldFindElement{SearchStrategyTestArgs}[243]" classname="com.dmooers.karate_chop.KarateChopTest" time="0"/>
  <testcase name="shouldFindElement{SearchStrategyTestArgs}[244]" classname="com.dmooers.karate_chop.KarateChopTest" time="0"/>
  <testcase name="shouldFindElement{SearchStrategyTestArgs}[245]" classname="com.dmooers.karate_chop.KarateChopTest" time="0.001"/>
  <testcase name="shouldFindElement{SearchStrategyTestArgs}[246]" classname="com.dmooers.karate_chop.KarateChopTest" time="0.001"/>
  <testcase name="shouldFindElement{SearchStrategyTestArgs}[247]" classname="com.dmooers.karate_chop.KarateChopTest" time="0"/>
  <testcase name="shouldFindElement{SearchStrategyTestArgs}[248]" classname="com.dmooers.karate_chop.KarateChopTest" time="0"/>
  <testcase name="shouldFindElement{SearchStrategyTestArgs}[249]" classname="com.dmooers.karate_chop.KarateChopTest" time="0"/>
  <testcase name="shouldFindElement{SearchStrategyTestArgs}[250]" classname="com.dmooers.karate_chop.KarateChopTest" time="0"/>
  <testcase name="shouldFindElement{SearchStrategyTestArgs}[251]" classname="com.dmooers.karate_chop.KarateChopTest" time="0"/>
  <testcase name="shouldFindElement{SearchStrategyTestArgs}[252]" classname="com.dmooers.karate_chop.KarateChopTest" time="0"/>
  <testcase name="shouldFindElement{SearchStrategyTestArgs}[253]" classname="com.dmooers.karate_chop.KarateChopTest" time="0"/>
  <testcase name="shouldFindElement{SearchStrategyTestArgs}[254]" classname="com.dmooers.karate_chop.KarateChopTest" time="0"/>
  <testcase name="shouldFindElement{SearchStrategyTestArgs}[255]" classname="com.dmooers.karate_chop.KarateChopTest" time="0"/>
  <testcase name="shouldFindElement{SearchStrategyTestArgs}[256]" classname="com.dmooers.karate_chop.KarateChopTest" time="0"/>
  <testcase name="shouldFindElement{SearchStrategyTestArgs}[257]" classname="com.dmooers.karate_chop.KarateChopTest" time="0"/>
  <testcase name="shouldFindElement{SearchStrategyTestArgs}[258]" classname="com.dmooers.karate_chop.KarateChopTest" time="0.001"/>
  <testcase name="shouldFindElement{SearchStrategyTestArgs}[259]" classname="com.dmooers.karate_chop.KarateChopTest" time="0"/>
  <testcase name="shouldFindElement{SearchStrategyTestArgs}[260]" classname="com.dmooers.karate_chop.KarateChopTest" time="0"/>
  <testcase name="shouldFindElement{SearchStrategyTestArgs}[261]" classname="com.dmooers.karate_chop.KarateChopTest" time="0.001"/>
  <testcase name="shouldFindElement{SearchStrategyTestArgs}[262]" classname="com.dmooers.karate_chop.KarateChopTest" time="0"/>
  <testcase name="shouldFindElement{SearchStrategyTestArgs}[263]" classname="com.dmooers.karate_chop.KarateChopTest" time="0"/>
  <testcase name="shouldFindElement{SearchStrategyTestArgs}[264]" classname="com.dmooers.karate_chop.KarateChopTest" time="0.001"/>
  <testcase name="shouldFindElement{SearchStrategyTestArgs}[265]" classname="com.dmooers.karate_chop.KarateChopTest" time="0"/>
  <testcase name="shouldFindElement{SearchStrategyTestArgs}[266]" classname="com.dmooers.karate_chop.KarateChopTest" time="0"/>
  <testcase name="shouldFindElement{SearchStrategyTestArgs}[267]" classname="com.dmooers.karate_chop.KarateChopTest" time="0"/>
  <testcase name="shouldFindElement{SearchStrategyTestArgs}[268]" classname="com.dmooers.karate_chop.KarateChopTest" time="0"/>
  <testcase name="shouldFindElement{SearchStrategyTestArgs}[269]" classname="com.dmooers.karate_chop.KarateChopTest" time="0"/>
  <testcase name="shouldFindElement{SearchStrategyTestArgs}[270]" classname="com.dmooers.karate_chop.KarateChopTest" time="0"/>
  <testcase name="shouldFindElement{SearchStrategyTestArgs}[271]" classname="com.dmooers.karate_chop.KarateChopTest" time="0"/>
  <testcase name="shouldFindElement{SearchStrategyTestArgs}[272]" classname="com.dmooers.karate_chop.KarateChopTest" time="0"/>
  <testcase name="shouldFindElement{SearchStrategyTestArgs}[273]" classname="com.dmooers.karate_chop.KarateChopTest" time="0"/>
  <testcase name="shouldFindElement{SearchStrategyTestArgs}[274]" classname="com.dmooers.karate_chop.KarateChopTest" time="0"/>
  <testcase name="shouldFindElement{SearchStrategyTestArgs}[275]" classname="com.dmooers.karate_chop.KarateChopTest" time="0"/>
  <testcase name="shouldFindElement{SearchStrategyTestArgs}[276]" classname="com.dmooers.karate_chop.KarateChopTest" time="0"/>
  <testcase name="shouldFindElement{SearchStrategyTestArgs}[277]" classname="com.dmooers.karate_chop.KarateChopTest" time="0"/>
  <testcase name="shouldFindElement{SearchStrategyTestArgs}[278]" classname="com.dmooers.karate_chop.KarateChopTest" time="0"/>
  <testcase name="shouldFindElement{SearchStrategyTestArgs}[279]" classname="com.dmooers.karate_chop.KarateChopTest" time="0"/>
  <testcase name="shouldFindElement{SearchStrategyTestArgs}[280]" classname="com.dmooers.karate_chop.KarateChopTest" time="0"/>
  <testcase name="shouldFindElement{SearchStrategyTestArgs}[281]" classname="com.dmooers.karate_chop.KarateChopTest" time="0"/>
  <testcase name="shouldFindElement{SearchStrategyTestArgs}[282]" classname="com.dmooers.karate_chop.KarateChopTest" time="0"/>
  <testcase name="shouldFindElement{SearchStrategyTestArgs}[283]" classname="com.dmooers.karate_chop.KarateChopTest" time="0"/>
  <testcase name="shouldFindElement{SearchStrategyTestArgs}[284]" classname="com.dmooers.karate_chop.KarateChopTest" time="0"/>
  <testcase name="shouldFindElement{SearchStrategyTestArgs}[285]" classname="com.dmooers.karate_chop.KarateChopTest" time="0"/>
  <testcase name="shouldFindElement{SearchStrategyTestArgs}[286]" classname="com.dmooers.karate_chop.KarateChopTest" time="0"/>
  <testcase name="shouldFindElement{SearchStrategyTestArgs}[287]" classname="com.dmooers.karate_chop.KarateChopTest" time="0"/>
  <testcase name="shouldFindElement{SearchStrategyTestArgs}[288]" classname="com.dmooers.karate_chop.KarateChopTest" time="0"/>
  <testcase name="shouldFindElement{SearchStrategyTestArgs}[289]" classname="com.dmooers.karate_chop.KarateChopTest" time="0"/>
  <testcase name="shouldFindElement{SearchStrategyTestArgs}[290]" classname="com.dmooers.karate_chop.KarateChopTest" time="0"/>
  <testcase name="shouldFindElement{SearchStrategyTestArgs}[291]" classname="com.dmooers.karate_chop.KarateChopTest" time="0"/>
  <testcase name="shouldFindElement{SearchStrategyTestArgs}[292]" classname="com.dmooers.karate_chop.KarateChopTest" time="0"/>
  <testcase name="shouldFindElement{SearchStrategyTestArgs}[293]" classname="com.dmooers.karate_chop.KarateChopTest" time="0"/>
  <testcase name="shouldFindElement{SearchStrategyTestArgs}[294]" classname="com.dmooers.karate_chop.KarateChopTest" time="0"/>
  <testcase name="shouldFindElement{SearchStrategyTestArgs}[295]" classname="com.dmooers.karate_chop.KarateChopTest" time="0"/>
  <testcase name="shouldFindElement{SearchStrategyTestArgs}[296]" classname="com.dmooers.karate_chop.KarateChopTest" time="0"/>
  <testcase name="shouldFindElement{SearchStrategyTestArgs}[297]" classname="com.dmooers.karate_chop.KarateChopTest" time="0"/>
  <testcase name="shouldFindElement{SearchStrategyTestArgs}[298]" classname="com.dmooers.karate_chop.KarateChopTest" time="0"/>
  <testcase name="shouldFindElement{SearchStrategyTestArgs}[299]" classname="com.dmooers.karate_chop.KarateChopTest" time="0"/>
  <testcase name="shouldFindElement{SearchStrategyTestArgs}[300]" classname="com.dmooers.karate_chop.KarateChopTest" time="0"/>
  <testcase name="shouldFindElement{SearchStrategyTestArgs}[301]" classname="com.dmooers.karate_chop.KarateChopTest" time="0"/>
  <testcase name="shouldFindElement{SearchStrategyTestArgs}[302]" classname="com.dmooers.karate_chop.KarateChopTest" time="0"/>
  <testcase name="shouldFindElement{SearchStrategyTestArgs}[303]" classname="com.dmooers.karate_chop.KarateChopTest" time="0"/>
  <testcase name="shouldFindElement{SearchStrategyTestArgs}[304]" classname="com.dmooers.karate_chop.KarateChopTest" time="0"/>
  <testcase name="shouldFindElement{SearchStrategyTestArgs}[305]" classname="com.dmooers.karate_chop.KarateChopTest" time="0"/>
  <testcase name="shouldFindElement{SearchStrategyTestArgs}[306]" classname="com.dmooers.karate_chop.KarateChopTest" time="0"/>
  <testcase name="shouldFindElement{SearchStrategyTestArgs}[307]" classname="com.dmooers.karate_chop.KarateChopTest" time="0"/>
  <testcase name="shouldFindElement{SearchStrategyTestArgs}[308]" classname="com.dmooers.karate_chop.KarateChopTest" time="0"/>
  <testcase name="shouldFindElement{SearchStrategyTestArgs}[309]" classname="com.dmooers.karate_chop.KarateChopTest" time="0"/>
  <testcase name="shouldFindElement{SearchStrategyTestArgs}[310]" classname="com.dmooers.karate_chop.KarateChopTest" time="0"/>
  <testcase name="shouldFindElement{SearchStrategyTestArgs}[311]" classname="com.dmooers.karate_chop.KarateChopTest" time="0"/>
  <testcase name="shouldFindElement{SearchStrategyTestArgs}[312]" classname="com.dmooers.karate_chop.KarateChopTest" time="0"/>
  <testcase name="shouldFindElement{SearchStrategyTestArgs}[313]" classname="com.dmooers.karate_chop.KarateChopTest" time="0"/>
  <testcase name="shouldFindElement{SearchStrategyTestArgs}[314]" classname="com.dmooers.karate_chop.KarateChopTest" time="0"/>
  <testcase name="shouldFindElement{SearchStrategyTestArgs}[315]" classname="com.dmooers.karate_chop.KarateChopTest" time="0"/>
  <testcase name="shouldFindElement{SearchStrategyTestArgs}[316]" classname="com.dmooers.karate_chop.KarateChopTest" time="0"/>
  <testcase name="shouldFindElement{SearchStrategyTestArgs}[317]" classname="com.dmooers.karate_chop.KarateChopTest" time="0.001"/>
  <testcase name="shouldFindElement{SearchStrategyTestArgs}[318]" classname="com.dmooers.karate_chop.KarateChopTest" time="0"/>
  <testcase name="shouldFindElement{SearchStrategyTestArgs}[319]" classname="com.dmooers.karate_chop.KarateChopTest" time="0"/>
  <testcase name="shouldFindElement{SearchStrategyTestArgs}[320]" classname="com.dmooers.karate_chop.KarateChopTest" time="0.001"/>
  <testcase name="shouldFindElement{SearchStrategyTestArgs}[321]" classname="com.dmooers.karate_chop.KarateChopTest" time="0"/>
  <testcase name="shouldFindElement{SearchStrategyTestArgs}[322]" classname="com.dmooers.karate_chop.KarateChopTest" time="0"/>
  <testcase name="shouldFindElement{SearchStrategyTestArgs}[323]" classname="com.dmooers.karate_chop.KarateChopTest" time="0.001"/>
  <testcase name="shouldFindElement{SearchStrategyTestArgs}[324]" classname="com.dmooers.karate_chop.KarateChopTest" time="0"/>
  <testcase name="shouldFindElement{SearchStrategyTestArgs}[325]" classname="com.dmooers.karate_chop.KarateChopTest" time="0"/>
  <testcase name="shouldFindElement{SearchStrategyTestArgs}[326]" classname="com.dmooers.karate_chop.KarateChopTest" time="0"/>
  <testcase name="shouldFindElement{SearchStrategyTestArgs}[327]" classname="com.dmooers.karate_chop.KarateChopTest" time="0"/>
  <testcase name="shouldFindElement{SearchStrategyTestArgs}[328]" classname="com.dmooers.karate_chop.KarateChopTest" time="0"/>
  <testcase name="shouldFindElement{SearchStrategyTestArgs}[329]" classname="com.dmooers.karate_chop.KarateChopTest" time="0.001"/>
  <testcase name="shouldFindElement{SearchStrategyTestArgs}[330]" classname="com.dmooers.karate_chop.KarateChopTest" time="0"/>
  <testcase name="shouldFindElement{SearchStrategyTestArgs}[331]" classname="com.dmooers.karate_chop.KarateChopTest" time="0"/>
  <testcase name="shouldFindElement{SearchStrategyTestArgs}[332]" classname="com.dmooers.karate_chop.KarateChopTest" time="0.001"/>
  <testcase name="shouldFindElement{SearchStrategyTestArgs}[333]" classname="com.dmooers.karate_chop.KarateChopTest" time="0"/>
  <testcase name="shouldFindElement{SearchStrategyTestArgs}[334]" classname="com.dmooers.karate_chop.KarateChopTest" time="0"/>
  <testcase name="shouldFindElement{SearchStrategyTestArgs}[335]" classname="com.dmooers.karate_chop.KarateChopTest" time="0.001"/>
  <testcase name="shouldFindElement{SearchStrategyTestArgs}[336]" classname="com.dmooers.karate_chop.KarateChopTest" time="0"/>
  <testcase name="shouldFindElement{SearchStrategyTestArgs}[337]" classname="com.dmooers.karate_chop.KarateChopTest" time="0"/>
  <testcase name="shouldFindElement{SearchStrategyTestArgs}[338]" classname="com.dmooers.karate_chop.KarateChopTest" time="0.001"/>
  <testcase name="shouldFindElement{SearchStrategyTestArgs}[339]" classname="com.dmooers.karate_chop.KarateChopTest" time="0"/>
  <testcase name="shouldFindElement{SearchStrategyTestArgs}[340]" classname="com.dmooers.karate_chop.KarateChopTest" time="0"/>
  <testcase name="shouldFindElement{SearchStrategyTestArgs}[341]" classname="com.dmooers.karate_chop.KarateChopTest" time="0"/>
  <testcase name="shouldFindElement{SearchStrategyTestArgs}[342]" classname="com.dmooers.karate_chop.KarateChopTest" time="0"/>
  <testcase name="shouldFindElement{SearchStrategyTestArgs}[343]" classname="com.dmooers.karate_chop.KarateChopTest" time="0"/>
  <testcase name="shouldFindElement{SearchStrategyTestArgs}[344]" classname="com.dmooers.karate_chop.KarateChopTest" time="0.002"/>
  <testcase name="shouldFindElement{SearchStrategyTestArgs}[345]" classname="com.dmooers.karate_chop.KarateChopTest" time="0"/>
  <testcase name="shouldFindElement{SearchStrategyTestArgs}[346]" classname="com.dmooers.karate_chop.KarateChopTest" time="0.001"/>
  <testcase name="shouldFindElement{SearchStrategyTestArgs}[347]" classname="com.dmooers.karate_chop.KarateChopTest" time="0"/>
  <testcase name="shouldFindElement{SearchStrategyTestArgs}[348]" classname="com.dmooers.karate_chop.KarateChopTest" time="0"/>
  <testcase name="shouldFindElement{SearchStrategyTestArgs}[349]" classname="com.dmooers.karate_chop.KarateChopTest" time="0.001"/>
  <testcase name="shouldFindElement{SearchStrategyTestArgs}[350]" classname="com.dmooers.karate_chop.KarateChopTest" time="0"/>
  <testcase name="shouldFindElement{SearchStrategyTestArgs}[351]" classname="com.dmooers.karate_chop.KarateChopTest" time="0.001"/>
  <testcase name="shouldFindElement{SearchStrategyTestArgs}[352]" classname="com.dmooers.karate_chop.KarateChopTest" time="0"/>
  <testcase name="shouldFindElement{SearchStrategyTestArgs}[353]" classname="com.dmooers.karate_chop.KarateChopTest" time="0"/>
  <testcase name="shouldFindElement{SearchStrategyTestArgs}[354]" classname="com.dmooers.karate_chop.KarateChopTest" time="0.001"/>
  <testcase name="shouldFindElement{SearchStrategyTestArgs}[355]" classname="com.dmooers.karate_chop.KarateChopTest" time="0"/>
  <testcase name="shouldFindElement{SearchStrategyTestArgs}[356]" classname="com.dmooers.karate_chop.KarateChopTest" time="0"/>
  <testcase name="shouldFindElement{SearchStrategyTestArgs}[357]" classname="com.dmooers.karate_chop.KarateChopTest" time="0"/>
  <testcase name="shouldFindElement{SearchStrategyTestArgs}[358]" classname="com.dmooers.karate_chop.KarateChopTest" time="0"/>
  <testcase name="shouldFindElement{SearchStrategyTestArgs}[359]" classname="com.dmooers.karate_chop.KarateChopTest" time="0"/>
  <testcase name="shouldFindElement{SearchStrategyTestArgs}[360]" classname="com.dmooers.karate_chop.KarateChopTest" time="0"/>
  <testcase name="shouldFindElement{SearchStrategyTestArgs}[361]" classname="com.dmooers.karate_chop.KarateChopTest" time="0"/>
  <testcase name="shouldFindElement{SearchStrategyTestArgs}[362]" classname="com.dmooers.karate_chop.KarateChopTest" time="0"/>
  <testcase name="shouldFindElement{SearchStrategyTestArgs}[363]" classname="com.dmooers.karate_chop.KarateChopTest" time="0"/>
  <testcase name="shouldFindElement{SearchStrategyTestArgs}[364]" classname="com.dmooers.karate_chop.KarateChopTest" time="0"/>
  <testcase name="shouldFindElement{SearchStrategyTestArgs}[365]" classname="com.dmooers.karate_chop.KarateChopTest" time="0"/>
  <testcase name="shouldFindElement{SearchStrategyTestArgs}[366]" classname="com.dmooers.karate_chop.KarateChopTest" time="0"/>
  <testcase name="shouldFindElement{SearchStrategyTestArgs}[367]" classname="com.dmooers.karate_chop.KarateChopTest" time="0"/>
  <testcase name="shouldFindElement{SearchStrategyTestArgs}[368]" classname="com.dmooers.karate_chop.KarateChopTest" time="0"/>
  <testcase name="shouldFindElement{SearchStrategyTestArgs}[369]" classname="com.dmooers.karate_chop.KarateChopTest" time="0"/>
  <testcase name="shouldFindElement{SearchStrategyTestArgs}[370]" classname="com.dmooers.karate_chop.KarateChopTest" time="0.001"/>
  <testcase name="shouldFindElement{SearchStrategyTestArgs}[371]" classname="com.dmooers.karate_chop.KarateChopTest" time="0"/>
  <testcase name="shouldFindElement{SearchStrategyTestArgs}[372]" classname="com.dmooers.karate_chop.KarateChopTest" time="0.001"/>
  <testcase name="shouldFindElement{SearchStrategyTestArgs}[373]" classname="com.dmooers.karate_chop.KarateChopTest" time="0"/>
  <testcase name="shouldFindElement{SearchStrategyTestArgs}[374]" classname="com.dmooers.karate_chop.KarateChopTest" time="0.001"/>
  <testcase name="shouldFindElement{SearchStrategyTestArgs}[375]" classname="com.dmooers.karate_chop.KarateChopTest" time="0"/>
  <testcase name="shouldFindElement{SearchStrategyTestArgs}[376]" classname="com.dmooers.karate_chop.KarateChopTest" time="0"/>
  <testcase name="shouldFindElement{SearchStrategyTestArgs}[377]" classname="com.dmooers.karate_chop.KarateChopTest" time="0"/>
  <testcase name="shouldFindElement{SearchStrategyTestArgs}[378]" classname="com.dmooers.karate_chop.KarateChopTest" time="0"/>
  <testcase name="shouldFindElement{SearchStrategyTestArgs}[379]" classname="com.dmooers.karate_chop.KarateChopTest" time="0"/>
  <testcase name="shouldFindElement{SearchStrategyTestArgs}[380]" classname="com.dmooers.karate_chop.KarateChopTest" time="0"/>
  <testcase name="shouldFindElement{SearchStrategyTestArgs}[381]" classname="com.dmooers.karate_chop.KarateChopTest" time="0"/>
  <testcase name="shouldFindElement{SearchStrategyTestArgs}[382]" classname="com.dmooers.karate_chop.KarateChopTest" time="0"/>
  <testcase name="shouldFindElement{SearchStrategyTestArgs}[383]" classname="com.dmooers.karate_chop.KarateChopTest" time="0"/>
  <testcase name="shouldFindElement{SearchStrategyTestArgs}[384]" classname="com.dmooers.karate_chop.KarateChopTest" time="0"/>
  <testcase name="shouldFindElement{SearchStrategyTestArgs}[385]" classname="com.dmooers.karate_chop.KarateChopTest" time="0.001"/>
  <testcase name="shouldFindElement{SearchStrategyTestArgs}[386]" classname="com.dmooers.karate_chop.KarateChopTest" time="0"/>
  <testcase name="shouldFindElement{SearchStrategyTestArgs}[387]" classname="com.dmooers.karate_chop.KarateChopTest" time="0"/>
  <testcase name="shouldFindElement{SearchStrategyTestArgs}[388]" classname="com.dmooers.karate_chop.KarateChopTest" time="0.001"/>
  <testcase name="shouldFindElement{SearchStrategyTestArgs}[389]" classname="com.dmooers.karate_chop.KarateChopTest" time="0"/>
  <testcase name="shouldFindElement{SearchStrategyTestArgs}[390]" classname="com.dmooers.karate_chop.KarateChopTest" time="0"/>
  <testcase name="shouldFindElement{SearchStrategyTestArgs}[391]" classname="com.dmooers.karate_chop.KarateChopTest" time="0"/>
  <testcase name="shouldFindElement{SearchStrategyTestArgs}[392]" classname="com.dmooers.karate_chop.KarateChopTest" time="0"/>
  <testcase name="shouldFindElement{SearchStrategyTestArgs}[393]" classname="com.dmooers.karate_chop.KarateChopTest" time="0"/>
  <testcase name="shouldFindElement{SearchStrategyTestArgs}[394]" classname="com.dmooers.karate_chop.KarateChopTest" time="0"/>
  <testcase name="shouldFindElement{SearchStrategyTestArgs}[395]" classname="com.dmooers.karate_chop.KarateChopTest" time="0"/>
  <testcase name="shouldFindElement{SearchStrategyTestArgs}[396]" classname="com.dmooers.karate_chop.KarateChopTest" time="0"/>
  <testcase name="shouldFindElement{SearchStrategyTestArgs}[397]" classname="com.dmooers.karate_chop.KarateChopTest" time="0"/>
  <testcase name="shouldFindElement{SearchStrategyTestArgs}[398]" classname="com.dmooers.karate_chop.KarateChopTest" time="0.001"/>
  <testcase name="shouldFindElement{SearchStrategyTestArgs}[399]" classname="com.dmooers.karate_chop.KarateChopTest" time="0"/>
  <testcase name="shouldFindElement{SearchStrategyTestArgs}[400]" classname="com.dmooers.karate_chop.KarateChopTest" time="0"/>
  <testcase name="shouldFindElement{SearchStrategyTestArgs}[401]" classname="com.dmooers.karate_chop.KarateChopTest" time="0"/>
  <testcase name="shouldFindElement{SearchStrategyTestArgs}[402]" classname="com.dmooers.karate_chop.KarateChopTest" time="0"/>
  <testcase name="shouldFindElement{SearchStrategyTestArgs}[403]" classname="com.dmooers.karate_chop.KarateChopTest" time="0"/>
  <testcase name="shouldFindElement{SearchStrategyTestArgs}[404]" classname="com.dmooers.karate_chop.KarateChopTest" time="0.006"/>
  <testcase name="shouldFindElement{SearchStrategyTestArgs}[405]" classname="com.dmooers.karate_chop.KarateChopTest" time="0"/>
  <testcase name="shouldFindElement{SearchStrategyTestArgs}[406]" classname="com.dmooers.karate_chop.KarateChopTest" time="0"/>
  <testcase name="shouldFindElement{SearchStrategyTestArgs}[407]" classname="com.dmooers.karate_chop.KarateChopTest" time="0"/>
  <testcase name="shouldFindElement{SearchStrategyTestArgs}[408]" classname="com.dmooers.karate_chop.KarateChopTest" time="0"/>
  <testcase name="shouldFindElement{SearchStrategyTestArgs}[409]" classname="com.dmooers.karate_chop.KarateChopTest" time="0"/>
  <testcase name="shouldFindElement{SearchStrategyTestArgs}[410]" classname="com.dmooers.karate_chop.KarateChopTest" time="0"/>
  <testcase name="shouldFindElement{SearchStrategyTestArgs}[411]" classname="com.dmooers.karate_chop.KarateChopTest" time="0.001"/>
  <testcase name="shouldFindElement{SearchStrategyTestArgs}[412]" classname="com.dmooers.karate_chop.KarateChopTest" time="0"/>
  <testcase name="shouldFindElement{SearchStrategyTestArgs}[413]" classname="com.dmooers.karate_chop.KarateChopTest" time="0"/>
  <testcase name="shouldFindElement{SearchStrategyTestArgs}[414]" classname="com.dmooers.karate_chop.KarateChopTest" time="0"/>
  <testcase name="shouldFindElement{SearchStrategyTestArgs}[415]" classname="com.dmooers.karate_chop.KarateChopTest" time="0.001"/>
  <testcase name="shouldFindElement{SearchStrategyTestArgs}[416]" classname="com.dmooers.karate_chop.KarateChopTest" time="0"/>
  <testcase name="shouldFindElement{SearchStrategyTestArgs}[417]" classname="com.dmooers.karate_chop.KarateChopTest" time="0"/>
  <testcase name="shouldFindElement{SearchStrategyTestArgs}[418]" classname="com.dmooers.karate_chop.KarateChopTest" time="0"/>
  <testcase name="shouldFindElement{SearchStrategyTestArgs}[419]" classname="com.dmooers.karate_chop.KarateChopTest" time="0"/>
  <testcase name="shouldFindElement{SearchStrategyTestArgs}[420]" classname="com.dmooers.karate_chop.KarateChopTest" time="0"/>
  <testcase name="shouldFindElement{SearchStrategyTestArgs}[421]" classname="com.dmooers.karate_chop.KarateChopTest" time="0"/>
  <testcase name="shouldFindElement{SearchStrategyTestArgs}[422]" classname="com.dmooers.karate_chop.KarateChopTest" time="0.001"/>
  <testcase name="shouldFindElement{SearchStrategyTestArgs}[423]" classname="com.dmooers.karate_chop.KarateChopTest" time="0"/>
  <testcase name="shouldFindElement{SearchStrategyTestArgs}[424]" classname="com.dmooers.karate_chop.KarateChopTest" time="0"/>
  <testcase name="shouldFindElement{SearchStrategyTestArgs}[425]" classname="com.dmooers.karate_chop.KarateChopTest" time="0"/>
  <testcase name="shouldFindElement{SearchStrategyTestArgs}[426]" classname="com.dmooers.karate_chop.KarateChopTest" time="0"/>
  <testcase name="shouldFindElement{SearchStrategyTestArgs}[427]" classname="com.dmooers.karate_chop.KarateChopTest" time="0"/>
  <testcase name="shouldFindElement{SearchStrategyTestArgs}[428]" classname="com.dmooers.karate_chop.KarateChopTest" time="0"/>
  <testcase name="shouldFindElement{SearchStrategyTestArgs}[429]" classname="com.dmooers.karate_chop.KarateChopTest" time="0"/>
  <testcase name="shouldFindElement{SearchStrategyTestArgs}[430]" classname="com.dmooers.karate_chop.KarateChopTest" time="0"/>
  <testcase name="shouldFindElement{SearchStrategyTestArgs}[431]" classname="com.dmooers.karate_chop.KarateChopTest" time="0"/>
  <testcase name="shouldFindElement{SearchStrategyTestArgs}[432]" classname="com.dmooers.karate_chop.KarateChopTest" time="0"/>
  <testcase name="shouldFindElement{SearchStrategyTestArgs}[433]" classname="com.dmooers.karate_chop.KarateChopTest" time="0.001"/>
  <testcase name="shouldFindElement{SearchStrategyTestArgs}[434]" classname="com.dmooers.karate_chop.KarateChopTest" time="0"/>
  <testcase name="shouldFindElement{SearchStrategyTestArgs}[435]" classname="com.dmooers.karate_chop.KarateChopTest" time="0"/>
  <testcase name="shouldFindElement{SearchStrategyTestArgs}[436]" classname="com.dmooers.karate_chop.KarateChopTest" time="0"/>
  <testcase name="shouldFindElement{SearchStrategyTestArgs}[437]" classname="com.dmooers.karate_chop.KarateChopTest" time="0"/>
  <testcase name="shouldFindElement{SearchStrategyTestArgs}[438]" classname="com.dmooers.karate_chop.KarateChopTest" time="0"/>
  <testcase name="shouldFindElement{SearchStrategyTestArgs}[439]" classname="com.dmooers.karate_chop.KarateChopTest" time="0"/>
  <testcase name="shouldFindElement{SearchStrategyTestArgs}[440]" classname="com.dmooers.karate_chop.KarateChopTest" time="0.001"/>
  <testcase name="shouldFindElement{SearchStrategyTestArgs}[441]" classname="com.dmooers.karate_chop.KarateChopTest" time="0"/>
  <testcase name="shouldFindElement{SearchStrategyTestArgs}[442]" classname="com.dmooers.karate_chop.KarateChopTest" time="0"/>
  <testcase name="shouldFindElement{SearchStrategyTestArgs}[443]" classname="com.dmooers.karate_chop.KarateChopTest" time="0"/>
  <testcase name="shouldFindElement{SearchStrategyTestArgs}[444]" classname="com.dmooers.karate_chop.KarateChopTest" time="0.001"/>
  <testcase name="shouldFindElement{SearchStrategyTestArgs}[445]" classname="com.dmooers.karate_chop.KarateChopTest" time="0"/>
  <testcase name="shouldFindElement{SearchStrategyTestArgs}[446]" classname="com.dmooers.karate_chop.KarateChopTest" time="0"/>
  <testcase name="shouldFindElement{SearchStrategyTestArgs}[447]" classname="com.dmooers.karate_chop.KarateChopTest" time="0"/>
  <testcase name="shouldFindElement{SearchStrategyTestArgs}[448]" classname="com.dmooers.karate_chop.KarateChopTest" time="0"/>
  <testcase name="shouldFindElement{SearchStrategyTestArgs}[449]" classname="com.dmooers.karate_chop.KarateChopTest" time="0"/>
  <testcase name="shouldFindElement{SearchStrategyTestArgs}[450]" classname="com.dmooers.karate_chop.KarateChopTest" time="0.001"/>
  <testcase name="shouldFindElement{SearchStrategyTestArgs}[451]" classname="com.dmooers.karate_chop.KarateChopTest" time="0"/>
  <testcase name="shouldFindElement{SearchStrategyTestArgs}[452]" classname="com.dmooers.karate_chop.KarateChopTest" time="0"/>
  <testcase name="shouldFindElement{SearchStrategyTestArgs}[453]" classname="com.dmooers.karate_chop.KarateChopTest" time="0"/>
  <testcase name="shouldFindElement{SearchStrategyTestArgs}[454]" classname="com.dmooers.karate_chop.KarateChopTest" time="0"/>
  <testcase name="shouldFindElement{SearchStrategyTestArgs}[455]" classname="com.dmooers.karate_chop.KarateChopTest" time="0"/>
  <testcase name="shouldFindElement{SearchStrategyTestArgs}[456]" classname="com.dmooers.karate_chop.KarateChopTest" time="0"/>
  <testcase name="shouldFindElement{SearchStrategyTestArgs}[457]" classname="com.dmooers.karate_chop.KarateChopTest" time="0.001"/>
  <testcase name="shouldFindElement{SearchStrategyTestArgs}[458]" classname="com.dmooers.karate_chop.KarateChopTest" time="0"/>
  <testcase name="shouldFindElement{SearchStrategyTestArgs}[459]" classname="com.dmooers.karate_chop.KarateChopTest" time="0"/>
  <testcase name="shouldFindElement{SearchStrategyTestArgs}[460]" classname="com.dmooers.karate_chop.KarateChopTest" time="0"/>
  <testcase name="shouldFindElement{SearchStrategyTestArgs}[461]" classname="com.dmooers.karate_chop.KarateChopTest" time="0"/>
  <testcase name="shouldFindElement{SearchStrategyTestArgs}[462]" classname="com.dmooers.karate_chop.KarateChopTest" time="0"/>
  <testcase name="shouldFindElement{SearchStrategyTestArgs}[463]" classname="com.dmooers.karate_chop.KarateChopTest" time="0.001"/>
  <testcase name="shouldFindElement{SearchStrategyTestArgs}[464]" classname="com.dmooers.karate_chop.KarateChopTest" time="0"/>
  <testcase name="shouldFindElement{SearchStrategyTestArgs}[465]" classname="com.dmooers.karate_chop.KarateChopTest" time="0.001"/>
  <testcase name="shouldFindElement{SearchStrategyTestArgs}[466]" classname="com.dmooers.karate_chop.KarateChopTest" time="0"/>
  <testcase name="shouldFindElement{SearchStrategyTestArgs}[467]" classname="com.dmooers.karate_chop.KarateChopTest" time="0"/>
  <testcase name="shouldFindElement{SearchStrategyTestArgs}[468]" classname="com.dmooers.karate_chop.KarateChopTest" time="0.001"/>
  <testcase name="shouldFindElement{SearchStrategyTestArgs}[469]" classname="com.dmooers.karate_chop.KarateChopTest" time="0"/>
  <testcase name="shouldFindElement{SearchStrategyTestArgs}[470]" classname="com.dmooers.karate_chop.KarateChopTest" time="0"/>
  <testcase name="shouldFindElement{SearchStrategyTestArgs}[471]" classname="com.dmooers.karate_chop.KarateChopTest" time="0"/>
  <testcase name="shouldFindElement{SearchStrategyTestArgs}[472]" classname="com.dmooers.karate_chop.KarateChopTest" time="0.001"/>
  <testcase name="shouldFindElement{SearchStrategyTestArgs}[473]" classname="com.dmooers.karate_chop.KarateChopTest" time="0"/>
  <testcase name="shouldFindElement{SearchStrategyTestArgs}[474]" classname="com.dmooers.karate_chop.KarateChopTest" time="0"/>
  <testcase name="shouldFindElement{SearchStrategyTestArgs}[475]" classname="com.dmooers.karate_chop.KarateChopTest" time="0"/>
  <testcase name="shouldFindElement{SearchStrategyTestArgs}[476]" classname="com.dmooers.karate_chop.KarateChopTest" time="0"/>
  <testcase name="shouldFindElement{SearchStrategyTestArgs}[477]" classname="com.dmooers.karate_chop.KarateChopTest" time="0"/>
  <testcase name="shouldFindElement{SearchStrategyTestArgs}[478]" classname="com.dmooers.karate_chop.KarateChopTest" time="0"/>
  <testcase name="shouldFindElement{SearchStrategyTestArgs}[479]" classname="com.dmooers.karate_chop.KarateChopTest" time="0"/>
  <testcase name="shouldFindElement{SearchStrategyTestArgs}[480]" classname="com.dmooers.karate_chop.KarateChopTest" time="0"/>
  <testcase name="shouldFindElement{SearchStrategyTestArgs}[481]" classname="com.dmooers.karate_chop.KarateChopTest" time="0"/>
  <testcase name="shouldFindElement{SearchStrategyTestArgs}[482]" classname="com.dmooers.karate_chop.KarateChopTest" time="0"/>
  <testcase name="shouldFindElement{SearchStrategyTestArgs}[483]" classname="com.dmooers.karate_chop.KarateChopTest" time="0.001"/>
  <testcase name="shouldFindElement{SearchStrategyTestArgs}[484]" classname="com.dmooers.karate_chop.KarateChopTest" time="0"/>
  <testcase name="shouldFindElement{SearchStrategyTestArgs}[485]" classname="com.dmooers.karate_chop.KarateChopTest" time="0"/>
  <testcase name="shouldFindElement{SearchStrategyTestArgs}[486]" classname="com.dmooers.karate_chop.KarateChopTest" time="0"/>
  <testcase name="shouldFindElement{SearchStrategyTestArgs}[487]" classname="com.dmooers.karate_chop.KarateChopTest" time="0.001"/>
  <testcase name="shouldFindElement{SearchStrategyTestArgs}[488]" classname="com.dmooers.karate_chop.KarateChopTest" time="0"/>
  <testcase name="shouldFindElement{SearchStrategyTestArgs}[489]" classname="com.dmooers.karate_chop.KarateChopTest" time="0"/>
  <testcase name="shouldFindElement{SearchStrategyTestArgs}[490]" classname="com.dmooers.karate_chop.KarateChopTest" time="0"/>
  <testcase name="shouldFindElement{SearchStrategyTestArgs}[491]" classname="com.dmooers.karate_chop.KarateChopTest" time="0.001"/>
  <testcase name="shouldFindElement{SearchStrategyTestArgs}[492]" classname="com.dmooers.karate_chop.KarateChopTest" time="0"/>
  <testcase name="shouldFindElement{SearchStrategyTestArgs}[493]" classname="com.dmooers.karate_chop.KarateChopTest" time="0"/>
  <testcase name="shouldFindElement{SearchStrategyTestArgs}[494]" classname="com.dmooers.karate_chop.KarateChopTest" time="0"/>
  <testcase name="shouldFindElement{SearchStrategyTestArgs}[495]" classname="com.dmooers.karate_chop.KarateChopTest" time="0"/>
  <testcase name="shouldFindElement{SearchStrategyTestArgs}[496]" classname="com.dmooers.karate_chop.KarateChopTest" time="0"/>
  <testcase name="shouldFindElement{SearchStrategyTestArgs}[497]" classname="com.dmooers.karate_chop.KarateChopTest" time="0"/>
  <testcase name="shouldFindElement{SearchStrategyTestArgs}[498]" classname="com.dmooers.karate_chop.KarateChopTest" time="0"/>
  <testcase name="shouldFindElement{SearchStrategyTestArgs}[499]" classname="com.dmooers.karate_chop.KarateChopTest" time="0"/>
  <testcase name="shouldFindElement{SearchStrategyTestArgs}[500]" classname="com.dmooers.karate_chop.KarateChopTest" time="0"/>
  <testcase name="shouldFindElement{SearchStrategyTestArgs}[501]" classname="com.dmooers.karate_chop.KarateChopTest" time="0"/>
  <testcase name="shouldFindElement{SearchStrategyTestArgs}[502]" classname="com.dmooers.karate_chop.KarateChopTest" time="0"/>
  <testcase name="shouldFindElement{SearchStrategyTestArgs}[503]" classname="com.dmooers.karate_chop.KarateChopTest" time="0"/>
  <testcase name="shouldFindElement{SearchStrategyTestArgs}[504]" classname="com.dmooers.karate_chop.KarateChopTest" time="0"/>
  <testcase name="shouldFindElement{SearchStrategyTestArgs}[505]" classname="com.dmooers.karate_chop.KarateChopTest" time="0"/>
  <testcase name="shouldFindElement{SearchStrategyTestArgs}[506]" classname="com.dmooers.karate_chop.KarateChopTest" time="0.001"/>
  <testcase name="shouldFindElement{SearchStrategyTestArgs}[507]" classname="com.dmooers.karate_chop.KarateChopTest" time="0"/>
  <testcase name="shouldFindElement{SearchStrategyTestArgs}[508]" classname="com.dmooers.karate_chop.KarateChopTest" time="0"/>
  <testcase name="shouldFindElement{SearchStrategyTestArgs}[509]" classname="com.dmooers.karate_chop.KarateChopTest" time="0.001"/>
  <testcase name="shouldFindElement{SearchStrategyTestArgs}[510]" classname="com.dmooers.karate_chop.KarateChopTest" time="0"/>
  <testcase name="shouldFindElement{SearchStrategyTestArgs}[511]" classname="com.dmooers.karate_chop.KarateChopTest" time="0.001"/>
  <testcase name="shouldFindElement{SearchStrategyTestArgs}[512]" classname="com.dmooers.karate_chop.KarateChopTest" time="0"/>
  <testcase name="shouldFindElement{SearchStrategyTestArgs}[513]" classname="com.dmooers.karate_chop.KarateChopTest" time="0"/>
  <testcase name="shouldFindElement{SearchStrategyTestArgs}[514]" classname="com.dmooers.karate_chop.KarateChopTest" time="0"/>
  <testcase name="shouldFindElement{SearchStrategyTestArgs}[515]" classname="com.dmooers.karate_chop.KarateChopTest" time="0"/>
  <testcase name="shouldFindElement{SearchStrategyTestArgs}[516]" classname="com.dmooers.karate_chop.KarateChopTest" time="0"/>
  <testcase name="shouldFindElement{SearchStrategyTestArgs}[517]" classname="com.dmooers.karate_chop.KarateChopTest" time="0.001"/>
  <testcase name="shouldFindElement{SearchStrategyTestArgs}[518]" classname="com.dmooers.karate_chop.KarateChopTest" time="0"/>
  <testcase name="shouldFindElement{SearchStrategyTestArgs}[519]" classname="com.dmooers.karate_chop.KarateChopTest" time="0"/>
  <testcase name="shouldFindElement{SearchStrategyTestArgs}[520]" classname="com.dmooers.karate_chop.KarateChopTest" time="0"/>
  <testcase name="shouldFindElement{SearchStrategyTestArgs}[521]" classname="com.dmooers.karate_chop.KarateChopTest" time="0.001"/>
  <testcase name="shouldFindElement{SearchStrategyTestArgs}[522]" classname="com.dmooers.karate_chop.KarateChopTest" time="0"/>
  <testcase name="shouldFindElement{SearchStrategyTestArgs}[523]" classname="com.dmooers.karate_chop.KarateChopTest" time="0"/>
  <testcase name="shouldFindElement{SearchStrategyTestArgs}[524]" classname="com.dmooers.karate_chop.KarateChopTest" time="0"/>
  <testcase name="shouldFindElement{SearchStrategyTestArgs}[525]" classname="com.dmooers.karate_chop.KarateChopTest" time="0"/>
  <testcase name="shouldFindElement{SearchStrategyTestArgs}[526]" classname="com.dmooers.karate_chop.KarateChopTest" time="0"/>
  <testcase name="shouldFindElement{SearchStrategyTestArgs}[527]" classname="com.dmooers.karate_chop.KarateChopTest" time="0"/>
  <testcase name="shouldFindElement{SearchStrategyTestArgs}[528]" classname="com.dmooers.karate_chop.KarateChopTest" time="0.001"/>
  <testcase name="shouldFindElement{SearchStrategyTestArgs}[529]" classname="com.dmooers.karate_chop.KarateChopTest" time="0"/>
  <testcase name="shouldFindElement{SearchStrategyTestArgs}[530]" classname="com.dmooers.karate_chop.KarateChopTest" time="0"/>
  <testcase name="shouldFindElement{SearchStrategyTestArgs}[531]" classname="com.dmooers.karate_chop.KarateChopTest" time="0"/>
  <testcase name="shouldFindElement{SearchStrategyTestArgs}[532]" classname="com.dmooers.karate_chop.KarateChopTest" time="0.001"/>
  <testcase name="shouldFindElement{SearchStrategyTestArgs}[533]" classname="com.dmooers.karate_chop.KarateChopTest" time="0"/>
  <testcase name="shouldFindElement{SearchStrategyTestArgs}[534]" classname="com.dmooers.karate_chop.KarateChopTest" time="0"/>
  <testcase name="shouldFindElement{SearchStrategyTestArgs}[535]" classname="com.dmooers.karate_chop.KarateChopTest" time="0"/>
  <testcase name="shouldFindElement{SearchStrategyTestArgs}[536]" classname="com.dmooers.karate_chop.KarateChopTest" time="0.001"/>
  <testcase name="shouldFindElement{SearchStrategyTestArgs}[537]" classname="com.dmooers.karate_chop.KarateChopTest" time="0"/>
  <testcase name="shouldFindElement{SearchStrategyTestArgs}[538]" classname="com.dmooers.karate_chop.KarateChopTest" time="0"/>
  <testcase name="shouldFindElement{SearchStrategyTestArgs}[539]" classname="com.dmooers.karate_chop.KarateChopTest" time="0"/>
  <testcase name="shouldFindElement{SearchStrategyTestArgs}[540]" classname="com.dmooers.karate_chop.KarateChopTest" time="0.001"/>
  <testcase name="shouldFindElement{SearchStrategyTestArgs}[541]" classname="com.dmooers.karate_chop.KarateChopTest" time="0"/>
  <testcase name="shouldFindElement{SearchStrategyTestArgs}[542]" classname="com.dmooers.karate_chop.KarateChopTest" time="0"/>
  <testcase name="shouldFindElement{SearchStrategyTestArgs}[543]" classname="com.dmooers.karate_chop.KarateChopTest" time="0"/>
  <testcase name="shouldFindElement{SearchStrategyTestArgs}[544]" classname="com.dmooers.karate_chop.KarateChopTest" time="0.001"/>
  <testcase name="shouldFindElement{SearchStrategyTestArgs}[545]" classname="com.dmooers.karate_chop.KarateChopTest" time="0"/>
  <testcase name="shouldFindElement{SearchStrategyTestArgs}[546]" classname="com.dmooers.karate_chop.KarateChopTest" time="0"/>
  <testcase name="shouldFindElement{SearchStrategyTestArgs}[547]" classname="com.dmooers.karate_chop.KarateChopTest" time="0"/>
  <testcase name="shouldFindElement{SearchStrategyTestArgs}[548]" classname="com.dmooers.karate_chop.KarateChopTest" time="0.001"/>
  <testcase name="shouldFindElement{SearchStrategyTestArgs}[549]" classname="com.dmooers.karate_chop.KarateChopTest" time="0"/>
  <testcase name="shouldFindElement{SearchStrategyTestArgs}[550]" classname="com.dmooers.karate_chop.KarateChopTest" time="0"/>
  <testcase name="shouldFindElement{SearchStrategyTestArgs}[551]" classname="com.dmooers.karate_chop.KarateChopTest" time="0"/>
  <testcase name="shouldFindElement{SearchStrategyTestArgs}[552]" classname="com.dmooers.karate_chop.KarateChopTest" time="0"/>
  <testcase name="shouldFindElement{SearchStrategyTestArgs}[553]" classname="com.dmooers.karate_chop.KarateChopTest" time="0"/>
  <testcase name="shouldFindElement{SearchStrategyTestArgs}[554]" classname="com.dmooers.karate_chop.KarateChopTest" time="0"/>
  <testcase name="shouldFindElement{SearchStrategyTestArgs}[555]" classname="com.dmooers.karate_chop.KarateChopTest" time="0"/>
  <testcase name="shouldFindElement{SearchStrategyTestArgs}[556]" classname="com.dmooers.karate_chop.KarateChopTest" time="0"/>
  <testcase name="shouldFindElement{SearchStrategyTestArgs}[557]" classname="com.dmooers.karate_chop.KarateChopTest" time="0"/>
  <testcase name="shouldFindElement{SearchStrategyTestArgs}[558]" classname="com.dmooers.karate_chop.KarateChopTest" time="0"/>
  <testcase name="shouldFindElement{SearchStrategyTestArgs}[559]" classname="com.dmooers.karate_chop.KarateChopTest" time="0"/>
  <testcase name="shouldFindElement{SearchStrategyTestArgs}[560]" classname="com.dmooers.karate_chop.KarateChopTest" time="0"/>
  <testcase name="shouldFindElement{SearchStrategyTestArgs}[561]" classname="com.dmooers.karate_chop.KarateChopTest" time="0"/>
  <testcase name="shouldFindElement{SearchStrategyTestArgs}[562]" classname="com.dmooers.karate_chop.KarateChopTest" time="0"/>
  <testcase name="shouldFindElement{SearchStrategyTestArgs}[563]" classname="com.dmooers.karate_chop.KarateChopTest" time="0"/>
  <testcase name="shouldFindElement{SearchStrategyTestArgs}[564]" classname="com.dmooers.karate_chop.KarateChopTest" time="0"/>
  <testcase name="shouldFindElement{SearchStrategyTestArgs}[565]" classname="com.dmooers.karate_chop.KarateChopTest" time="0"/>
  <testcase name="shouldFindElement{SearchStrategyTestArgs}[566]" classname="com.dmooers.karate_chop.KarateChopTest" time="0"/>
  <testcase name="shouldFindElement{SearchStrategyTestArgs}[567]" classname="com.dmooers.karate_chop.KarateChopTest" time="0"/>
  <testcase name="shouldFindElement{SearchStrategyTestArgs}[568]" classname="com.dmooers.karate_chop.KarateChopTest" time="0"/>
  <testcase name="shouldFindElement{SearchStrategyTestArgs}[569]" classname="com.dmooers.karate_chop.KarateChopTest" time="0"/>
  <testcase name="shouldFindElement{SearchStrategyTestArgs}[570]" classname="com.dmooers.karate_chop.KarateChopTest" time="0"/>
  <testcase name="shouldFindElement{SearchStrategyTestArgs}[571]" classname="com.dmooers.karate_chop.KarateChopTest" time="0"/>
  <testcase name="shouldFindElement{SearchStrategyTestArgs}[572]" classname="com.dmooers.karate_chop.KarateChopTest" time="0"/>
  <testcase name="shouldFindElement{SearchStrategyTestArgs}[573]" classname="com.dmooers.karate_chop.KarateChopTest" time="0"/>
  <testcase name="shouldFindElement{SearchStrategyTestArgs}[574]" classname="com.dmooers.karate_chop.KarateChopTest" time="0"/>
  <testcase name="shouldFindElement{SearchStrategyTestArgs}[575]" classname="com.dmooers.karate_chop.KarateChopTest" time="0"/>
  <testcase name="shouldFindElement{SearchStrategyTestArgs}[576]" classname="com.dmooers.karate_chop.KarateChopTest" time="0"/>
  <testcase name="shouldFindElement{SearchStrategyTestArgs}[577]" classname="com.dmooers.karate_chop.KarateChopTest" time="0"/>
  <testcase name="shouldFindElement{SearchStrategyTestArgs}[578]" classname="com.dmooers.karate_chop.KarateChopTest" time="0"/>
  <testcase name="shouldFindElement{SearchStrategyTestArgs}[579]" classname="com.dmooers.karate_chop.KarateChopTest" time="0"/>
  <testcase name="shouldFindElement{SearchStrategyTestArgs}[580]" classname="com.dmooers.karate_chop.KarateChopTest" time="0"/>
  <testcase name="shouldFindElement{SearchStrategyTestArgs}[581]" classname="com.dmooers.karate_chop.KarateChopTest" time="0"/>
  <testcase name="shouldFindElement{SearchStrategyTestArgs}[582]" classname="com.dmooers.karate_chop.KarateChopTest" time="0"/>
  <testcase name="shouldFindElement{SearchStrategyTestArgs}[583]" classname="com.dmooers.karate_chop.KarateChopTest" time="0"/>
  <testcase name="shouldFindElement{SearchStrategyTestArgs}[584]" classname="com.dmooers.karate_chop.KarateChopTest" time="0"/>
  <testcase name="shouldFindElement{SearchStrategyTestArgs}[585]" classname="com.dmooers.karate_chop.KarateChopTest" time="0"/>
  <testcase name="shouldFindElement{SearchStrategyTestArgs}[586]" classname="com.dmooers.karate_chop.KarateChopTest" time="0"/>
  <testcase name="shouldFindElement{SearchStrategyTestArgs}[587]" classname="com.dmooers.karate_chop.KarateChopTest" time="0"/>
  <testcase name="shouldFindElement{SearchStrategyTestArgs}[588]" classname="com.dmooers.karate_chop.KarateChopTest" time="0"/>
  <testcase name="shouldFindElement{SearchStrategyTestArgs}[589]" classname="com.dmooers.karate_chop.KarateChopTest" time="0"/>
  <testcase name="shouldFindElement{SearchStrategyTestArgs}[590]" classname="com.dmooers.karate_chop.KarateChopTest" time="0"/>
  <testcase name="shouldFindElement{SearchStrategyTestArgs}[591]" classname="com.dmooers.karate_chop.KarateChopTest" time="0"/>
  <testcase name="shouldFindElement{SearchStrategyTestArgs}[592]" classname="com.dmooers.karate_chop.KarateChopTest" time="0"/>
  <testcase name="shouldFindElement{SearchStrategyTestArgs}[593]" classname="com.dmooers.karate_chop.KarateChopTest" time="0"/>
  <testcase name="shouldFindElement{SearchStrategyTestArgs}[594]" classname="com.dmooers.karate_chop.KarateChopTest" time="0"/>
  <testcase name="shouldFindElement{SearchStrategyTestArgs}[595]" classname="com.dmooers.karate_chop.KarateChopTest" time="0"/>
  <testcase name="shouldFindElement{SearchStrategyTestArgs}[596]" classname="com.dmooers.karate_chop.KarateChopTest" time="0"/>
  <testcase name="shouldFindElement{SearchStrategyTestArgs}[597]" classname="com.dmooers.karate_chop.KarateChopTest" time="0"/>
  <testcase name="shouldFindElement{SearchStrategyTestArgs}[598]" classname="com.dmooers.karate_chop.KarateChopTest" time="0"/>
  <testcase name="shouldFindElement{SearchStrategyTestArgs}[599]" classname="com.dmooers.karate_chop.KarateChopTest" time="0"/>
  <testcase name="shouldFindElement{SearchStrategyTestArgs}[600]" classname="com.dmooers.karate_chop.KarateChopTest" time="0"/>
  <testcase name="shouldFindElement{SearchStrategyTestArgs}[601]" classname="com.dmooers.karate_chop.KarateChopTest" time="0"/>
  <testcase name="shouldFindElement{SearchStrategyTestArgs}[602]" classname="com.dmooers.karate_chop.KarateChopTest" time="0"/>
  <testcase name="shouldFindElement{SearchStrategyTestArgs}[603]" classname="com.dmooers.karate_chop.KarateChopTest" time="0"/>
  <testcase name="shouldFindElement{SearchStrategyTestArgs}[604]" classname="com.dmooers.karate_chop.KarateChopTest" time="0"/>
  <testcase name="shouldFindElement{SearchStrategyTestArgs}[605]" classname="com.dmooers.karate_chop.KarateChopTest" time="0"/>
  <testcase name="shouldFindElement{SearchStrategyTestArgs}[606]" classname="com.dmooers.karate_chop.KarateChopTest" time="0"/>
  <testcase name="shouldFindElement{SearchStrategyTestArgs}[607]" classname="com.dmooers.karate_chop.KarateChopTest" time="0"/>
  <testcase name="shouldFindElement{SearchStrategyTestArgs}[608]" classname="com.dmooers.karate_chop.KarateChopTest" time="0"/>
  <testcase name="shouldFindElement{SearchStrategyTestArgs}[609]" classname="com.dmooers.karate_chop.KarateChopTest" time="0"/>
  <testcase name="shouldFindElement{SearchStrategyTestArgs}[610]" classname="com.dmooers.karate_chop.KarateChopTest" time="0"/>
  <testcase name="shouldFindElement{SearchStrategyTestArgs}[611]" classname="com.dmooers.karate_chop.KarateChopTest" time="0"/>
  <testcase name="shouldFindElement{SearchStrategyTestArgs}[612]" classname="com.dmooers.karate_chop.KarateChopTest" time="0.001"/>
  <testcase name="shouldFindElement{SearchStrategyTestArgs}[613]" classname="com.dmooers.karate_chop.KarateChopTest" time="0"/>
  <testcase name="shouldFindElement{SearchStrategyTestArgs}[614]" classname="com.dmooers.karate_chop.KarateChopTest" time="0"/>
  <testcase name="shouldFindElement{SearchStrategyTestArgs}[615]" classname="com.dmooers.karate_chop.KarateChopTest" time="0"/>
  <testcase name="shouldFindElement{SearchStrategyTestArgs}[616]" classname="com.dmooers.karate_chop.KarateChopTest" time="0.001"/>
  <testcase name="shouldFindElement{SearchStrategyTestArgs}[617]" classname="com.dmooers.karate_chop.KarateChopTest" time="0"/>
  <testcase name="shouldFindElement{SearchStrategyTestArgs}[618]" classname="com.dmooers.karate_chop.KarateChopTest" time="0"/>
  <testcase name="shouldFindElement{SearchStrategyTestArgs}[619]" classname="com.dmooers.karate_chop.KarateChopTest" time="0"/>
[...]
  <testcase name="shouldFindElement{SearchStrategyTestArgs}[1874]" classname="com.dmooers.karate_chop.KarateChopTest" time="0"/>
  <testcase name="shouldFindElement{SearchStrategyTestArgs}[1875]" classname="com.dmooers.karate_chop.KarateChopTest" time="0"/>
  <testcase name="shouldFindElement{SearchStrategyTestArgs}[1876]" classname="com.dmooers.karate_chop.KarateChopTest" time="0"/>
  <testcase name="shouldFindElement{SearchStrategyTestArgs}[1877]" classname="com.dmooers.karate_chop.KarateChopTest" time="0"/>
  <testcase name="shouldFindElement{SearchStrategyTestArgs}[1878]" classname="com.dmooers.karate_chop.KarateChopTest" time="0"/>
  <testcase name="shouldFindElement{SearchStrategyTestArgs}[1879]" classname="com.dmooers.karate_chop.KarateChopTest" time="0"/>
  <testcase name="shouldFindElement{SearchStrategyTestArgs}[1880]" classname="com.dmooers.karate_chop.KarateChopTest" time="0"/>
  <testcase name="shouldFindElement{SearchStrategyTestArgs}[1881]" classname="com.dmooers.karate_chop.KarateChopTest" time="0"/>
  <testcase name="shouldFindElement{SearchStrategyTestArgs}[1882]" classname="com.dmooers.karate_chop.KarateChopTest" time="0"/>
  <testcase name="shouldFindElement{SearchStrategyTestArgs}[1883]" classname="com.dmooers.karate_chop.KarateChopTest" time="0.001"/>
  <testcase name="shouldFindElement{SearchStrategyTestArgs}[1884]" classname="com.dmooers.karate_chop.KarateChopTest" time="0"/>
  <testcase name="shouldFindElement{SearchStrategyTestArgs}[1885]" classname="com.dmooers.karate_chop.KarateChopTest" time="0"/>
  <testcase name="shouldFindElement{SearchStrategyTestArgs}[1886]" classname="com.dmooers.karate_chop.KarateChopTest" time="0"/>
  <testcase name="shouldFindElement{SearchStrategyTestArgs}[1887]" classname="com.dmooers.karate_chop.KarateChopTest" time="0"/>
  <testcase name="shouldFindElement{SearchStrategyTestArgs}[1888]" classname="com.dmooers.karate_chop.KarateChopTest" time="0"/>
  <testcase name="shouldFindElement{SearchStrategyTestArgs}[1889]" classname="com.dmooers.karate_chop.KarateChopTest" time="0"/>
  <testcase name="shouldFindElement{SearchStrategyTestArgs}[1890]" classname="com.dmooers.karate_chop.KarateChopTest" time="0"/>
  <testcase name="shouldFindElement{SearchStrategyTestArgs}[1891]" classname="com.dmooers.karate_chop.KarateChopTest" time="0"/>
  <testcase name="shouldFindElement{SearchStrategyTestArgs}[1892]" classname="com.dmooers.karate_chop.KarateChopTest" time="0"/>
  <testcase name="shouldFindElement{SearchStrategyTestArgs}[1893]" classname="com.dmooers.karate_chop.KarateChopTest" time="0.001"/>
  <testcase name="shouldFindElement{SearchStrategyTestArgs}[1894]" classname="com.dmooers.karate_chop.KarateChopTest" time="0"/>
  <testcase name="shouldFindElement{SearchStrategyTestArgs}[1895]" classname="com.dmooers.karate_chop.KarateChopTest" time="0"/>
  <testcase name="shouldFindElement{SearchStrategyTestArgs}[1896]" classname="com.dmooers.karate_chop.KarateChopTest" time="0"/>
  <testcase name="shouldFindElement{SearchStrategyTestArgs}[1897]" classname="com.dmooers.karate_chop.KarateChopTest" time="0"/>
  <testcase name="shouldFindElement{SearchStrategyTestArgs}[1898]" classname="com.dmooers.karate_chop.KarateChopTest" time="0"/>
  <testcase name="shouldFindElement{SearchStrategyTestArgs}[1899]" classname="com.dmooers.karate_chop.KarateChopTest" time="0"/>
  <testcase name="shouldFindElement{SearchStrategyTestArgs}[1900]" classname="com.dmooers.karate_chop.KarateChopTest" time="0"/>
  <testcase name="shouldFindElement{SearchStrategyTestArgs}[1901]" classname="com.dmooers.karate_chop.KarateChopTest" time="0"/>
  <testcase name="shouldFindElement{SearchStrategyTestArgs}[1902]" classname="com.dmooers.karate_chop.KarateChopTest" time="0"/>
  <testcase name="shouldFindElement{SearchStrategyTestArgs}[1903]" classname="com.dmooers.karate_chop.KarateChopTest" time="0"/>
  <testcase name="shouldFindElement{SearchStrategyTestArgs}[1904]" classname="com.dmooers.karate_chop.KarateChopTest" time="0"/>
  <testcase name="shouldFindElement{SearchStrategyTestArgs}[1905]" classname="com.dmooers.karate_chop.KarateChopTest" time="0"/>
  <testcase name="shouldFindElement{SearchStrategyTestArgs}[1906]" classname="com.dmooers.karate_chop.KarateChopTest" time="0"/>
  <testcase name="shouldFindElement{SearchStrategyTestArgs}[1907]" classname="com.dmooers.karate_chop.KarateChopTest" time="0"/>
  <testcase name="shouldFindElement{SearchStrategyTestArgs}[1908]" classname="com.dmooers.karate_chop.KarateChopTest" time="0"/>
  <testcase name="shouldFindElement{SearchStrategyTestArgs}[1909]" classname="com.dmooers.karate_chop.KarateChopTest" time="0"/>
  <testcase name="shouldFindElement{SearchStrategyTestArgs}[1910]" classname="com.dmooers.karate_chop.KarateChopTest" time="0"/>
  <testcase name="shouldFindElement{SearchStrategyTestArgs}[1911]" classname="com.dmooers.karate_chop.KarateChopTest" time="0.001"/>
  <testcase name="shouldFindElement{SearchStrategyTestArgs}[1912]" classname="com.dmooers.karate_chop.KarateChopTest" time="0"/>
  <testcase name="shouldFindElement{SearchStrategyTestArgs}[1913]" classname="com.dmooers.karate_chop.KarateChopTest" time="0"/>
  <testcase name="shouldFindElement{SearchStrategyTestArgs}[1914]" classname="com.dmooers.karate_chop.KarateChopTest" time="0"/>
  <testcase name="shouldFindElement{SearchStrategyTestArgs}[1915]" classname="com.dmooers.karate_chop.KarateChopTest" time="0"/>
  <testcase name="shouldFindElement{SearchStrategyTestArgs}[1916]" classname="com.dmooers.karate_chop.KarateChopTest" time="0"/>
  <testcase name="shouldFindElement{SearchStrategyTestArgs}[1917]" classname="com.dmooers.karate_chop.KarateChopTest" time="0"/>
  <testcase name="shouldFindElement{SearchStrategyTestArgs}[1918]" classname="com.dmooers.karate_chop.KarateChopTest" time="0"/>
  <testcase name="shouldFindElement{SearchStrategyTestArgs}[1919]" classname="com.dmooers.karate_chop.KarateChopTest" time="0"/>
  <testcase name="shouldFindElement{SearchStrategyTestArgs}[1920]" classname="com.dmooers.karate_chop.KarateChopTest" time="0"/>
  <testcase name="shouldFindElement{SearchStrategyTestArgs}[1921]" classname="com.dmooers.karate_chop.KarateChopTest" time="0.001"/>
  <testcase name="shouldFindElement{SearchStrategyTestArgs}[1922]" classname="com.dmooers.karate_chop.KarateChopTest" time="0"/>
  <testcase name="shouldFindElement{SearchStrategyTestArgs}[1923]" classname="com.dmooers.karate_chop.KarateChopTest" time="0"/>
  <testcase name="shouldFindElement{SearchStrategyTestArgs}[1924]" classname="com.dmooers.karate_chop.KarateChopTest" time="0"/>
  <testcase name="shouldFindElement{SearchStrategyTestArgs}[1925]" classname="com.dmooers.karate_chop.KarateChopTest" time="0"/>
  <testcase name="shouldFindElement{SearchStrategyTestArgs}[1926]" classname="com.dmooers.karate_chop.KarateChopTest" time="0"/>
  <testcase name="shouldFindElement{SearchStrategyTestArgs}[1927]" classname="com.dmooers.karate_chop.KarateChopTest" time="0"/>
  <testcase name="shouldFindElement{SearchStrategyTestArgs}[1928]" classname="com.dmooers.karate_chop.KarateChopTest" time="0"/>
  <testcase name="shouldFindElement{SearchStrategyTestArgs}[1929]" classname="com.dmooers.karate_chop.KarateChopTest" time="0"/>
  <testcase name="shouldFindElement{SearchStrategyTestArgs}[1930]" classname="com.dmooers.karate_chop.KarateChopTest" time="0.001"/>
  <testcase name="shouldFindElement{SearchStrategyTestArgs}[1931]" classname="com.dmooers.karate_chop.KarateChopTest" time="0"/>
  <testcase name="shouldFindElement{SearchStrategyTestArgs}[1932]" classname="com.dmooers.karate_chop.KarateChopTest" time="0"/>
  <testcase name="shouldFindElement{SearchStrategyTestArgs}[1933]" classname="com.dmooers.karate_chop.KarateChopTest" time="0"/>
  <testcase name="shouldFindElement{SearchStrategyTestArgs}[1934]" classname="com.dmooers.karate_chop.KarateChopTest" time="0"/>
  <testcase name="shouldFindElement{SearchStrategyTestArgs}[1935]" classname="com.dmooers.karate_chop.KarateChopTest" time="0"/>
  <testcase name="shouldFindElement{SearchStrategyTestArgs}[1936]" classname="com.dmooers.karate_chop.KarateChopTest" time="0"/>
  <testcase name="shouldFindElement{SearchStrategyTestArgs}[1937]" classname="com.dmooers.karate_chop.KarateChopTest" time="0"/>
  <testcase name="shouldFindElement{SearchStrategyTestArgs}[1938]" classname="com.dmooers.karate_chop.KarateChopTest" time="0"/>
  <testcase name="shouldFindElement{SearchStrategyTestArgs}[1939]" classname="com.dmooers.karate_chop.KarateChopTest" time="0"/>
  <testcase name="shouldFindElement{SearchStrategyTestArgs}[1940]" classname="com.dmooers.karate_chop.KarateChopTest" time="0.001"/>
  <testcase name="shouldFindElement{SearchStrategyTestArgs}[1941]" classname="com.dmooers.karate_chop.KarateChopTest" time="0"/>
  <testcase name="shouldFindElement{SearchStrategyTestArgs}[1942]" classname="com.dmooers.karate_chop.KarateChopTest" time="0"/>
  <testcase name="shouldFindElement{SearchStrategyTestArgs}[1943]" classname="com.dmooers.karate_chop.KarateChopTest" time="0"/>
  <testcase name="shouldFindElement{SearchStrategyTestArgs}[1944]" classname="com.dmooers.karate_chop.KarateChopTest" time="0"/>
  <testcase name="shouldFindElement{SearchStrategyTestArgs}[1945]" classname="com.dmooers.karate_chop.KarateChopTest" time="0"/>
  <testcase name="shouldFindElement{SearchStrategyTestArgs}[1946]" classname="com.dmooers.karate_chop.KarateChopTest" time="0"/>
  <testcase name="shouldFindElement{SearchStrategyTestArgs}[1947]" classname="com.dmooers.karate_chop.KarateChopTest" time="0"/>
  <testcase name="shouldFindElement{SearchStrategyTestArgs}[1948]" classname="com.dmooers.karate_chop.KarateChopTest" time="0"/>
  <testcase name="shouldFindElement{SearchStrategyTestArgs}[1949]" classname="com.dmooers.karate_chop.KarateChopTest" time="0"/>
  <testcase name="shouldFindElement{SearchStrategyTestArgs}[1950]" classname="com.dmooers.karate_chop.KarateChopTest" time="0.001"/>
  <testcase name="shouldFindElement{SearchStrategyTestArgs}[1951]" classname="com.dmooers.karate_chop.KarateChopTest" time="0"/>
  <testcase name="shouldFindElement{SearchStrategyTestArgs}[1952]" classname="com.dmooers.karate_chop.KarateChopTest" time="0"/>
  <testcase name="shouldFindElement{SearchStrategyTestArgs}[1953]" classname="com.dmooers.karate_chop.KarateChopTest" time="0"/>
  <testcase name="shouldFindElement{SearchStrategyTestArgs}[1954]" classname="com.dmooers.karate_chop.KarateChopTest" time="0"/>
  <testcase name="shouldFindElement{SearchStrategyTestArgs}[1955]" classname="com.dmooers.karate_chop.KarateChopTest" time="0"/>
  <testcase name="shouldFindElement{SearchStrategyTestArgs}[1956]" classname="com.dmooers.karate_chop.KarateChopTest" time="0"/>
  <testcase name="shouldFindElement{SearchStrategyTestArgs}[1957]" classname="com.dmooers.karate_chop.KarateChopTest" time="0"/>
  <testcase name="shouldFindElement{SearchStrategyTestArgs}[1958]" classname="com.dmooers.karate_chop.KarateChopTest" time="0"/>
  <testcase name="shouldFindElement{SearchStrategyTestArgs}[1959]" classname="com.dmooers.karate_chop.KarateChopTest" time="0"/>
  <testcase name="shouldFindElement{SearchStrategyTestArgs}[1960]" classname="com.dmooers.karate_chop.KarateChopTest" time="0"/>
  <testcase name="shouldFindElement{SearchStrategyTestArgs}[1961]" classname="com.dmooers.karate_chop.KarateChopTest" time="0"/>
  <testcase name="shouldFindElement{SearchStrategyTestArgs}[1962]" classname="com.dmooers.karate_chop.KarateChopTest" time="0"/>
  <testcase name="shouldFindElement{SearchStrategyTestArgs}[1963]" classname="com.dmooers.karate_chop.KarateChopTest" time="0"/>
  <testcase name="shouldFindElement{SearchStrategyTestArgs}[1964]" classname="com.dmooers.karate_chop.KarateChopTest" time="0"/>
  <testcase name="shouldFindElement{SearchStrategyTestArgs}[1965]" classname="com.dmooers.karate_chop.KarateChopTest" time="0"/>
  <testcase name="shouldFindElement{SearchStrategyTestArgs}[1966]" classname="com.dmooers.karate_chop.KarateChopTest" time="0"/>
  <testcase name="shouldFindElement{SearchStrategyTestArgs}[1967]" classname="com.dmooers.karate_chop.KarateChopTest" time="0"/>
  <testcase name="shouldFindElement{SearchStrategyTestArgs}[1968]" classname="com.dmooers.karate_chop.KarateChopTest" time="0"/>
  <testcase name="shouldFindElement{SearchStrategyTestArgs}[1969]" classname="com.dmooers.karate_chop.KarateChopTest" time="0"/>
  <testcase name="shouldFindElement{SearchStrategyTestArgs}[1970]" classname="com.dmooers.karate_chop.KarateChopTest" time="0"/>
  <testcase name="shouldFindElement{SearchStrategyTestArgs}[1971]" classname="com.dmooers.karate_chop.KarateChopTest" time="0"/>
  <testcase name="shouldFindElement{SearchStrategyTestArgs}[1972]" classname="com.dmooers.karate_chop.KarateChopTest" time="0"/>
  <testcase name="shouldFindElement{SearchStrategyTestArgs}[1973]" classname="com.dmooers.karate_chop.KarateChopTest" time="0"/>
  <testcase name="shouldFindElement{SearchStrategyTestArgs}[1974]" classname="com.dmooers.karate_chop.KarateChopTest" time="0"/>
  <testcase name="shouldFindElement{SearchStrategyTestArgs}[1975]" classname="com.dmooers.karate_chop.KarateChopTest" time="0"/>
  <testcase name="shouldFindElement{SearchStrategyTestArgs}[1976]" classname="com.dmooers.karate_chop.KarateChopTest" time="0"/>
  <testcase name="shouldFindElement{SearchStrategyTestArgs}[1977]" classname="com.dmooers.karate_chop.KarateChopTest" time="0"/>
  <testcase name="shouldFindElement{SearchStrategyTestArgs}[1978]" classname="com.dmooers.karate_chop.KarateChopTest" time="0"/>
  <testcase name="shouldFindElement{SearchStrategyTestArgs}[1979]" classname="com.dmooers.karate_chop.KarateChopTest" time="0"/>
  <testcase name="shouldFindElement{SearchStrategyTestArgs}[1980]" classname="com.dmooers.karate_chop.KarateChopTest" time="0"/>
  <testcase name="shouldFindElement{SearchStrategyTestArgs}[1981]" classname="com.dmooers.karate_chop.KarateChopTest" time="0"/>
  <testcase name="shouldFindElement{SearchStrategyTestArgs}[1982]" classname="com.dmooers.karate_chop.KarateChopTest" time="0"/>
  <testcase name="shouldFindElement{SearchStrategyTestArgs}[1983]" classname="com.dmooers.karate_chop.KarateChopTest" time="0"/>
  <testcase name="shouldFindElement{SearchStrategyTestArgs}[1984]" classname="com.dmooers.karate_chop.KarateChopTest" time="0"/>
  <testcase name="shouldFindElement{SearchStrategyTestArgs}[1985]" classname="com.dmooers.karate_chop.KarateChopTest" time="0.001"/>
  <testcase name="shouldFindElement{SearchStrategyTestArgs}[1986]" classname="com.dmooers.karate_chop.KarateChopTest" time="0"/>
  <testcase name="shouldFindElement{SearchStrategyTestArgs}[1987]" classname="com.dmooers.karate_chop.KarateChopTest" time="0"/>
  <testcase name="shouldFindElement{SearchStrategyTestArgs}[1988]" classname="com.dmooers.karate_chop.KarateChopTest" time="0"/>
  <testcase name="shouldFindElement{SearchStrategyTestArgs}[1989]" classname="com.dmooers.karate_chop.KarateChopTest" time="0"/>
  <testcase name="shouldFindElement{SearchStrategyTestArgs}[1990]" classname="com.dmooers.karate_chop.KarateChopTest" time="0"/>
  <testcase name="shouldFindElement{SearchStrategyTestArgs}[1991]" classname="com.dmooers.karate_chop.KarateChopTest" time="0"/>
  <testcase name="shouldFindElement{SearchStrategyTestArgs}[1992]" classname="com.dmooers.karate_chop.KarateChopTest" time="0"/>
  <testcase name="shouldFindElement{SearchStrategyTestArgs}[1993]" classname="com.dmooers.karate_chop.KarateChopTest" time="0"/>
  <testcase name="shouldFindElement{SearchStrategyTestArgs}[1994]" classname="com.dmooers.karate_chop.KarateChopTest" time="0"/>
  <testcase name="shouldFindElement{SearchStrategyTestArgs}[1995]" classname="com.dmooers.karate_chop.KarateChopTest" time="0.001"/>
  <testcase name="shouldFindElement{SearchStrategyTestArgs}[1996]" classname="com.dmooers.karate_chop.KarateChopTest" time="0"/>
  <testcase name="shouldFindElement{SearchStrategyTestArgs}[1997]" classname="com.dmooers.karate_chop.KarateChopTest" time="0"/>
  <testcase name="shouldFindElement{SearchStrategyTestArgs}[1998]" classname="com.dmooers.karate_chop.KarateChopTest" time="0"/>
  <testcase name="shouldFindElement{SearchStrategyTestArgs}[1999]" classname="com.dmooers.karate_chop.KarateChopTest" time="0"/>
  <testcase name="shouldFindElement{SearchStrategyTestArgs}[2000]" classname="com.dmooers.karate_chop.KarateChopTest" time="0"/>
  <testcase name="shouldFindElement{SearchStrategyTestArgs}[2001]" classname="com.dmooers.karate_chop.KarateChopTest" time="0"/>
  <testcase name="shouldFindElement{SearchStrategyTestArgs}[2002]" classname="com.dmooers.karate_chop.KarateChopTest" time="0"/>
  <testcase name="shouldFindElement{SearchStrategyTestArgs}[2003]" classname="com.dmooers.karate_chop.KarateChopTest" time="0"/>
  <testcase name="shouldFindElement{SearchStrategyTestArgs}[2004]" classname="com.dmooers.karate_chop.KarateChopTest" time="0"/>
  <testcase name="shouldFindElement{SearchStrategyTestArgs}[2005]" classname="com.dmooers.karate_chop.KarateChopTest" time="0.001"/>
  <testcase name="shouldFindElement{SearchStrategyTestArgs}[2006]" classname="com.dmooers.karate_chop.KarateChopTest" time="0"/>
  <testcase name="shouldFindElement{SearchStrategyTestArgs}[2007]" classname="com.dmooers.karate_chop.KarateChopTest" time="0"/>
  <testcase name="shouldFindElement{SearchStrategyTestArgs}[2008]" classname="com.dmooers.karate_chop.KarateChopTest" time="0"/>
  <testcase name="shouldFindElement{SearchStrategyTestArgs}[2009]" classname="com.dmooers.karate_chop.KarateChopTest" time="0"/>
  <testcase name="shouldFindElement{SearchStrategyTestArgs}[2010]" classname="com.dmooers.karate_chop.KarateChopTest" time="0"/>
  <testcase name="shouldFindElement{SearchStrategyTestArgs}[2011]" classname="com.dmooers.karate_chop.KarateChopTest" time="0"/>
  <testcase name="shouldFindElement{SearchStrategyTestArgs}[2012]" classname="com.dmooers.karate_chop.KarateChopTest" time="0"/>
  <testcase name="shouldFindElement{SearchStrategyTestArgs}[2013]" classname="com.dmooers.karate_chop.KarateChopTest" time="0"/>
  <testcase name="shouldFindElement{SearchStrategyTestArgs}[2014]" classname="com.dmooers.karate_chop.KarateChopTest" time="0"/>
  <testcase name="shouldFindElement{SearchStrategyTestArgs}[2015]" classname="com.dmooers.karate_chop.KarateChopTest" time="0"/>
  <testcase name="shouldFindElement{SearchStrategyTestArgs}[2016]" classname="com.dmooers.karate_chop.KarateChopTest" time="0"/>
  <testcase name="shouldFindElement{SearchStrategyTestArgs}[2017]" classname="com.dmooers.karate_chop.KarateChopTest" time="0"/>
  <testcase name="shouldFindElement{SearchStrategyTestArgs}[2018]" classname="com.dmooers.karate_chop.KarateChopTest" time="0"/>
  <testcase name="shouldFindElement{SearchStrategyTestArgs}[2019]" classname="com.dmooers.karate_chop.KarateChopTest" time="0"/>
  <testcase name="shouldFindElement{SearchStrategyTestArgs}[2020]" classname="com.dmooers.karate_chop.KarateChopTest" time="0"/>
  <testcase name="shouldFindElement{SearchStrategyTestArgs}[2021]" classname="com.dmooers.karate_chop.KarateChopTest" time="0"/>
  <testcase name="shouldFindElement{SearchStrategyTestArgs}[2022]" classname="com.dmooers.karate_chop.KarateChopTest" time="0"/>
  <testcase name="shouldFindElement{SearchStrategyTestArgs}[2023]" classname="com.dmooers.karate_chop.KarateChopTest" time="0"/>
  <testcase name="shouldFindElement{SearchStrategyTestArgs}[2024]" classname="com.dmooers.karate_chop.KarateChopTest" time="0"/>
  <testcase name="shouldFindElement{SearchStrategyTestArgs}[2025]" classname="com.dmooers.karate_chop.KarateChopTest" time="0"/>
  <testcase name="shouldFindElement{SearchStrategyTestArgs}[2026]" classname="com.dmooers.karate_chop.KarateChopTest" time="0"/>
  <testcase name="shouldFindElement{SearchStrategyTestArgs}[2027]" classname="com.dmooers.karate_chop.KarateChopTest" time="0"/>
</testsuite>