<?xml version="1.0" encoding="UTF-8"?>
<testsuite xmlns:xsi="http://www.w3.org/2001/XMLSchema-instance" xsi:noNamespaceSchemaLocation="https://maven.apache.org/surefire/maven-surefire-plugin/xsd/surefire-test-report.xsd" name="com.dmooers.bloom_filter.BloomFilterTest" time="0.001" tests="4" errors="0" skipped="0" failures="0">
  <properties>
[...]
</properties>
  <testcase name="shouldReturnTrueForConflictingHash" classname="com.dmooers.bloom_filter.BloomFilterTest" time="0"/>
  <testcase name="shouldAddString" classname="com.dmooers.bloom_filter.BloomFilterTest" time="0"/>
  <testcase name="shouldAddAnElement" classname="com.dmooers.bloom_filter.BloomFilterTest" time="0"/>
  <testcase name="shouldReturnFalseIfNotPresent" classname="com.dmooers.bloom_filter.BloomFilterTest" time="0"/>
</testsuite>